mode: atomic
github.com/runopsio/hoop/agent/agent.go:43.44,46.16 3 0
github.com/runopsio/hoop/agent/agent.go:46.16,48.3 1 0
github.com/runopsio/hoop/agent/agent.go:49.2,49.17 1 0
github.com/runopsio/hoop/agent/agent.go:49.17,51.3 1 0
github.com/runopsio/hoop/agent/agent.go:52.2,52.12 1 0
github.com/runopsio/hoop/agent/agent.go:55.54,57.16 2 0
github.com/runopsio/hoop/agent/agent.go:57.16,59.3 1 0
github.com/runopsio/hoop/agent/agent.go:61.2,64.24 2 0
github.com/runopsio/hoop/agent/agent.go:67.88,68.20 1 0
github.com/runopsio/hoop/agent/agent.go:68.20,70.3 1 0
github.com/runopsio/hoop/agent/agent.go:71.2,72.16 2 0
github.com/runopsio/hoop/agent/agent.go:72.16,74.3 1 0
github.com/runopsio/hoop/agent/agent.go:75.2,81.18 2 0
github.com/runopsio/hoop/agent/agent.go:82.33,83.21 1 0
github.com/runopsio/hoop/agent/agent.go:83.21,85.4 1 0
github.com/runopsio/hoop/agent/agent.go:86.3,86.57 1 0
github.com/runopsio/hoop/agent/agent.go:86.57,88.4 1 0
github.com/runopsio/hoop/agent/agent.go:89.30,90.21 1 0
github.com/runopsio/hoop/agent/agent.go:90.21,92.4 1 0
github.com/runopsio/hoop/agent/agent.go:93.3,93.57 1 0
github.com/runopsio/hoop/agent/agent.go:93.57,95.4 1 0
github.com/runopsio/hoop/agent/agent.go:96.28,97.39 1 0
github.com/runopsio/hoop/agent/agent.go:97.39,99.4 1 0
github.com/runopsio/hoop/agent/agent.go:101.2,101.17 1 0
github.com/runopsio/hoop/agent/agent.go:104.64,110.2 1 0
github.com/runopsio/hoop/agent/agent.go:112.38,119.12 3 0
github.com/runopsio/hoop/agent/agent.go:119.12,123.42 3 0
github.com/runopsio/hoop/agent/agent.go:123.42,124.51 1 0
github.com/runopsio/hoop/agent/agent.go:124.51,126.5 1 0
github.com/runopsio/hoop/agent/agent.go:128.3,130.17 2 0
github.com/runopsio/hoop/agent/agent.go:131.23,132.32 1 0
github.com/runopsio/hoop/agent/agent.go:133.23,134.32 1 0
github.com/runopsio/hoop/agent/agent.go:135.24,136.33 1 0
github.com/runopsio/hoop/agent/agent.go:137.24,138.33 1 0
github.com/runopsio/hoop/agent/agent.go:143.98,145.67 2 0
github.com/runopsio/hoop/agent/agent.go:145.67,147.3 1 0
github.com/runopsio/hoop/agent/agent.go:148.2,148.17 1 0
github.com/runopsio/hoop/agent/agent.go:151.29,152.6 1 0
github.com/runopsio/hoop/agent/agent.go:152.6,154.17 2 0
github.com/runopsio/hoop/agent/agent.go:154.17,156.4 1 0
github.com/runopsio/hoop/agent/agent.go:157.3,159.19 2 0
github.com/runopsio/hoop/agent/agent.go:160.33,162.42 2 0
github.com/runopsio/hoop/agent/agent.go:162.42,165.5 2 0
github.com/runopsio/hoop/agent/agent.go:166.4,168.29 3 0
github.com/runopsio/hoop/agent/agent.go:169.28,170.29 1 0
github.com/runopsio/hoop/agent/agent.go:173.31,174.17 1 0
github.com/runopsio/hoop/agent/agent.go:177.34,178.28 1 0
github.com/runopsio/hoop/agent/agent.go:181.37,182.31 1 0
github.com/runopsio/hoop/agent/agent.go:185.35,186.32 1 0
github.com/runopsio/hoop/agent/agent.go:189.35,190.36 1 0
github.com/runopsio/hoop/agent/agent.go:191.34,192.30 1 0
github.com/runopsio/hoop/agent/agent.go:194.29,195.30 1 0
github.com/runopsio/hoop/agent/agent.go:197.35,198.36 1 0
github.com/runopsio/hoop/agent/agent.go:203.100,208.23 4 0
github.com/runopsio/hoop/agent/agent.go:208.23,210.3 1 0
github.com/runopsio/hoop/agent/agent.go:212.2,215.66 2 0
github.com/runopsio/hoop/agent/agent.go:215.66,217.3 1 0
github.com/runopsio/hoop/agent/agent.go:219.2,221.16 3 0
github.com/runopsio/hoop/agent/agent.go:221.16,224.3 2 0
github.com/runopsio/hoop/agent/agent.go:226.2,226.62 1 0
github.com/runopsio/hoop/agent/agent.go:226.62,227.19 1 0
github.com/runopsio/hoop/agent/agent.go:228.34,229.57 1 0
github.com/runopsio/hoop/agent/agent.go:230.31,231.56 1 0
github.com/runopsio/hoop/agent/agent.go:234.2,234.37 1 0
github.com/runopsio/hoop/agent/agent.go:237.78,240.117 3 0
github.com/runopsio/hoop/agent/agent.go:240.117,241.74 1 0
github.com/runopsio/hoop/agent/agent.go:241.74,246.4 3 0
github.com/runopsio/hoop/agent/agent.go:248.2,248.12 1 0
github.com/runopsio/hoop/agent/agent.go:251.100,254.75 3 0
github.com/runopsio/hoop/agent/agent.go:254.75,267.3 4 0
github.com/runopsio/hoop/agent/agent.go:268.2,268.86 1 0
github.com/runopsio/hoop/agent/agent.go:268.86,270.76 2 0
github.com/runopsio/hoop/agent/agent.go:270.76,282.4 4 0
github.com/runopsio/hoop/agent/agent.go:283.3,283.39 1 0
github.com/runopsio/hoop/agent/agent.go:283.39,284.44 1 0
github.com/runopsio/hoop/agent/agent.go:284.44,285.13 1 0
github.com/runopsio/hoop/agent/agent.go:287.4,287.33 1 0
github.com/runopsio/hoop/agent/agent.go:290.2,290.20 1 0
github.com/runopsio/hoop/agent/agent.go:293.83,294.70 1 0
github.com/runopsio/hoop/agent/agent.go:294.70,295.63 1 0
github.com/runopsio/hoop/agent/agent.go:295.63,297.18 2 0
github.com/runopsio/hoop/agent/agent.go:297.18,309.5 4 0
github.com/runopsio/hoop/agent/agent.go:310.4,311.20 2 0
github.com/runopsio/hoop/agent/agent.go:314.2,315.12 2 0
github.com/runopsio/hoop/agent/agent.go:318.96,323.76 4 0
github.com/runopsio/hoop/agent/agent.go:323.76,326.66 2 0
github.com/runopsio/hoop/agent/agent.go:326.66,330.4 3 0
github.com/runopsio/hoop/agent/agent.go:332.2,333.16 2 0
github.com/runopsio/hoop/agent/agent.go:333.16,335.3 1 0
github.com/runopsio/hoop/agent/agent.go:336.2,336.50 1 0
github.com/runopsio/hoop/agent/agent.go:336.50,337.50 1 0
github.com/runopsio/hoop/agent/agent.go:337.50,338.86 1 0
github.com/runopsio/hoop/agent/agent.go:338.86,347.5 6 0
github.com/runopsio/hoop/agent/agent.go:349.4,351.90 3 0
github.com/runopsio/hoop/agent/agent.go:357.2,357.22 1 0
github.com/runopsio/hoop/agent/agent.go:357.22,360.17 3 0
github.com/runopsio/hoop/agent/agent.go:360.17,364.4 3 0
github.com/runopsio/hoop/agent/agent.go:366.3,374.64 7 0
github.com/runopsio/hoop/agent/agent.go:376.2,376.12 1 0
github.com/runopsio/hoop/agent/agent.go:379.52,385.16 5 0
github.com/runopsio/hoop/agent/agent.go:385.16,396.3 3 0
github.com/runopsio/hoop/agent/agent.go:398.2,406.47 5 0
github.com/runopsio/hoop/agent/agent.go:406.47,407.42 1 0
github.com/runopsio/hoop/agent/agent.go:407.42,409.38 2 0
github.com/runopsio/hoop/agent/agent.go:409.38,410.13 1 0
github.com/runopsio/hoop/agent/agent.go:412.4,413.52 2 0
github.com/runopsio/hoop/agent/agent.go:417.2,417.42 1 0
github.com/runopsio/hoop/agent/agent.go:417.42,419.23 2 0
github.com/runopsio/hoop/agent/agent.go:419.23,421.4 1 0
github.com/runopsio/hoop/agent/agent.go:424.2,424.12 1 0
github.com/runopsio/hoop/agent/agent.go:424.12,425.63 1 0
github.com/runopsio/hoop/agent/agent.go:425.63,437.4 4 0
github.com/runopsio/hoop/agent/agent.go:438.3,438.62 1 0
github.com/runopsio/hoop/agent/agent.go:438.62,447.4 1 0
github.com/runopsio/hoop/agent/agent.go:448.3,455.71 2 0
github.com/runopsio/hoop/agent/agent.go:459.59,464.34 5 0
github.com/runopsio/hoop/agent/agent.go:464.34,464.76 1 0
github.com/runopsio/hoop/agent/agent.go:465.2,465.53 1 0
github.com/runopsio/hoop/agent/agent.go:465.53,466.50 1 0
github.com/runopsio/hoop/agent/agent.go:466.50,467.17 1 0
github.com/runopsio/hoop/agent/agent.go:467.17,468.42 1 0
github.com/runopsio/hoop/agent/agent.go:468.42,470.6 1 0
github.com/runopsio/hoop/agent/agent.go:472.4,472.24 1 0
github.com/runopsio/hoop/agent/agent.go:477.53,479.21 2 0
github.com/runopsio/hoop/agent/agent.go:479.21,482.3 2 0
github.com/runopsio/hoop/agent/agent.go:483.2,483.29 1 0
github.com/runopsio/hoop/agent/agent.go:486.50,488.34 2 0
github.com/runopsio/hoop/agent/agent.go:488.34,488.75 1 0
github.com/runopsio/hoop/agent/agent.go:489.2,489.53 1 0
github.com/runopsio/hoop/agent/agent.go:489.53,490.26 1 0
github.com/runopsio/hoop/agent/agent.go:491.25,493.41 2 0
github.com/runopsio/hoop/agent/agent.go:493.41,495.42 2 0
github.com/runopsio/hoop/agent/agent.go:495.42,497.6 1 0
github.com/runopsio/hoop/agent/agent.go:499.18,500.14 1 0
github.com/runopsio/hoop/agent/agent.go:500.14,501.37 1 0
github.com/runopsio/hoop/agent/agent.go:501.37,503.6 1 0
github.com/runopsio/hoop/agent/agent.go:505.4,505.24 1 0
github.com/runopsio/hoop/agent/agent.go:510.95,511.21 1 0
github.com/runopsio/hoop/agent/agent.go:511.21,513.3 1 0
github.com/runopsio/hoop/agent/agent.go:514.2,516.36 3 0
github.com/runopsio/hoop/agent/agent.go:516.36,518.22 2 0
github.com/runopsio/hoop/agent/agent.go:518.22,520.4 1 0
github.com/runopsio/hoop/agent/agent.go:522.2,522.18 1 0
github.com/runopsio/hoop/agent/agent.go:522.18,524.3 1 0
github.com/runopsio/hoop/agent/agent.go:525.2,529.4 1 0
github.com/runopsio/hoop/agent/agent.go:532.78,541.2 1 0
github.com/runopsio/hoop/agent/agent.go:543.32,543.81 1 0
github.com/runopsio/hoop/agent/hook.go:15.107,16.9 1 6
github.com/runopsio/hoop/agent/hook.go:17.48,19.60 2 6
github.com/runopsio/hoop/agent/hook.go:20.10,22.17 2 0
github.com/runopsio/hoop/agent/hook.go:22.17,24.4 1 0
github.com/runopsio/hoop/agent/hook.go:25.3,25.80 1 0
github.com/runopsio/hoop/agent/hook.go:29.76,31.22 2 6
github.com/runopsio/hoop/agent/hook.go:31.22,33.3 1 0
github.com/runopsio/hoop/agent/hook.go:34.2,39.16 5 6
github.com/runopsio/hoop/agent/hook.go:39.16,42.3 1 0
github.com/runopsio/hoop/agent/hook.go:43.2,57.16 6 6
github.com/runopsio/hoop/agent/hook.go:57.16,59.3 1 0
github.com/runopsio/hoop/agent/hook.go:60.2,60.20 1 6
github.com/runopsio/hoop/agent/hook.go:64.98,66.16 2 6
github.com/runopsio/hoop/agent/hook.go:66.16,75.3 4 0
github.com/runopsio/hoop/agent/hook.go:76.2,76.18 1 6
github.com/runopsio/hoop/agent/hook.go:80.93,84.21 3 4
github.com/runopsio/hoop/agent/hook.go:84.21,85.49 1 4
github.com/runopsio/hoop/agent/hook.go:85.49,87.18 2 6
github.com/runopsio/hoop/agent/hook.go:87.18,89.5 1 0
github.com/runopsio/hoop/agent/hook.go:90.4,90.28 1 6
github.com/runopsio/hoop/agent/hook.go:92.3,92.23 1 4
github.com/runopsio/hoop/agent/hook.go:94.2,94.48 1 0
github.com/runopsio/hoop/agent/hook.go:94.48,96.46 2 0
github.com/runopsio/hoop/agent/hook.go:96.46,97.21 1 0
github.com/runopsio/hoop/agent/hook.go:97.21,101.13 2 0
github.com/runopsio/hoop/agent/hook.go:105.4,105.17 1 0
github.com/runopsio/hoop/agent/hook.go:107.3,108.17 2 0
github.com/runopsio/hoop/agent/hook.go:108.17,110.4 1 0
github.com/runopsio/hoop/agent/hook.go:111.3,111.27 1 0
github.com/runopsio/hoop/agent/hook.go:113.2,113.22 1 0
github.com/runopsio/hoop/agent/hook.go:116.85,118.16 2 4
github.com/runopsio/hoop/agent/hook.go:118.16,121.3 2 0
github.com/runopsio/hoop/agent/hook.go:123.2,125.52 2 4
github.com/runopsio/hoop/agent/hook.go:125.52,127.23 2 6
github.com/runopsio/hoop/agent/hook.go:127.23,129.4 1 0
github.com/runopsio/hoop/agent/hook.go:130.3,130.61 1 6
github.com/runopsio/hoop/agent/hook.go:130.61,143.18 2 6
github.com/runopsio/hoop/agent/hook.go:143.18,144.42 1 0
github.com/runopsio/hoop/agent/hook.go:144.42,146.6 1 0
github.com/runopsio/hoop/agent/hook.go:148.5,148.18 1 0
github.com/runopsio/hoop/agent/hook.go:148.18,148.49 1 0
github.com/runopsio/hoop/agent/hook.go:149.5,149.10 1 0
github.com/runopsio/hoop/agent/hook.go:151.4,153.30 3 6
github.com/runopsio/hoop/agent/hook.go:156.2,159.12 4 4
github.com/runopsio/hoop/agent/hook.go:162.94,163.17 1 6
github.com/runopsio/hoop/agent/hook.go:163.17,165.3 1 5
github.com/runopsio/hoop/agent/hook.go:166.2,166.28 1 1
github.com/runopsio/hoop/agent/hook.go:166.28,168.3 1 1
github.com/runopsio/hoop/agent/hook.go:169.2,169.35 1 1
github.com/runopsio/hoop/agent/hook.go:169.35,171.3 1 1
github.com/runopsio/hoop/agent/hook.go:172.2,172.35 1 1
github.com/runopsio/hoop/agent/hook.go:172.35,174.3 1 1
github.com/runopsio/hoop/agent/main.go:25.12,27.16 2 0
github.com/runopsio/hoop/agent/main.go:27.16,29.3 1 0
github.com/runopsio/hoop/agent/main.go:31.2,33.16 3 0
github.com/runopsio/hoop/agent/main.go:33.16,35.3 1 0
github.com/runopsio/hoop/agent/main.go:36.2,40.21 4 0
github.com/runopsio/hoop/agent/main.go:41.41,42.21 1 0
github.com/runopsio/hoop/agent/main.go:42.21,45.18 3 0
github.com/runopsio/hoop/agent/main.go:45.18,47.5 1 0
github.com/runopsio/hoop/agent/main.go:48.4,49.38 2 0
github.com/runopsio/hoop/agent/main.go:49.38,51.10 2 0
github.com/runopsio/hoop/agent/main.go:53.4,53.79 1 0
github.com/runopsio/hoop/agent/main.go:53.79,54.15 1 0
github.com/runopsio/hoop/agent/main.go:54.15,60.6 5 0
github.com/runopsio/hoop/agent/main.go:61.5,61.16 1 0
github.com/runopsio/hoop/agent/main.go:61.16,63.11 2 0
github.com/runopsio/hoop/agent/main.go:66.4,66.31 1 0
github.com/runopsio/hoop/agent/main.go:68.10,70.17 2 0
github.com/runopsio/hoop/agent/main.go:70.17,72.4 1 0
github.com/runopsio/hoop/agent/main.go:73.3,74.20 2 0
github.com/runopsio/hoop/agent/main.go:74.20,76.4 1 0
github.com/runopsio/hoop/agent/main.go:77.3,77.52 1 0
github.com/runopsio/hoop/agent/main.go:81.54,82.15 1 0
github.com/runopsio/hoop/agent/main.go:82.15,84.3 1 0
github.com/runopsio/hoop/agent/main.go:85.2,86.16 2 0
github.com/runopsio/hoop/agent/main.go:86.16,88.3 1 0
github.com/runopsio/hoop/agent/main.go:89.2,89.25 1 0
github.com/runopsio/hoop/agent/main.go:89.25,91.3 1 0
github.com/runopsio/hoop/agent/main.go:92.2,92.73 1 0
github.com/runopsio/hoop/agent/main.go:95.52,97.20 2 0
github.com/runopsio/hoop/agent/main.go:97.20,99.3 1 0
github.com/runopsio/hoop/agent/main.go:100.2,100.25 1 0
github.com/runopsio/hoop/agent/main.go:100.25,102.3 1 0
github.com/runopsio/hoop/agent/main.go:103.2,104.62 2 0
github.com/runopsio/hoop/agent/main.go:104.62,105.48 1 0
github.com/runopsio/hoop/agent/main.go:105.48,108.28 3 0
github.com/runopsio/hoop/agent/main.go:108.28,110.5 1 0
github.com/runopsio/hoop/agent/main.go:112.3,113.52 2 0
github.com/runopsio/hoop/agent/main.go:116.2,116.35 1 0
github.com/runopsio/hoop/agent/main.go:119.75,125.6 3 0
github.com/runopsio/hoop/agent/main.go:125.6,128.47 3 0
github.com/runopsio/hoop/agent/main.go:128.47,130.18 2 0
github.com/runopsio/hoop/agent/main.go:130.18,132.5 1 0
github.com/runopsio/hoop/agent/main.go:133.4,134.37 2 0
github.com/runopsio/hoop/agent/main.go:136.3,136.17 1 0
github.com/runopsio/hoop/agent/main.go:136.17,139.12 3 0
github.com/runopsio/hoop/agent/main.go:142.3,143.26 2 0
github.com/runopsio/hoop/agent/main.go:144.12,146.67 2 0
github.com/runopsio/hoop/agent/main.go:146.67,149.13 3 0
github.com/runopsio/hoop/agent/main.go:151.4,151.46 1 0
github.com/runopsio/hoop/agent/main.go:152.12,152.12 0 0
github.com/runopsio/hoop/agent/main.go:153.12,154.70 1 0
github.com/runopsio/hoop/agent/main.go:155.11,157.80 2 0
github.com/runopsio/hoop/agent/main.go:159.3,159.31 1 0
github.com/runopsio/hoop/agent/main.go:164.21,167.16 3 0
github.com/runopsio/hoop/agent/main.go:167.16,170.3 2 0
github.com/runopsio/hoop/agent/main.go:172.2,173.16 2 0
github.com/runopsio/hoop/agent/main.go:173.16,176.3 2 0
github.com/runopsio/hoop/agent/main.go:177.2,180.6 3 0
github.com/runopsio/hoop/agent/main.go:180.6,185.17 5 0
github.com/runopsio/hoop/agent/main.go:185.17,187.12 2 0
github.com/runopsio/hoop/agent/main.go:189.3,198.17 2 0
github.com/runopsio/hoop/agent/main.go:198.17,200.12 2 0
github.com/runopsio/hoop/agent/main.go:202.3,208.20 3 0
github.com/runopsio/hoop/agent/main.go:208.20,210.12 2 0
github.com/runopsio/hoop/agent/main.go:212.3,212.44 1 0
github.com/runopsio/hoop/agent/monitoring.go:10.49,11.27 1 0
github.com/runopsio/hoop/agent/monitoring.go:11.27,13.3 1 0
github.com/runopsio/hoop/agent/monitoring.go:15.2,15.88 1 0
github.com/runopsio/hoop/agent/monitoring.go:15.88,18.3 2 0
github.com/runopsio/hoop/agent/monitoring.go:20.2,21.61 2 0
github.com/runopsio/hoop/agent/monitoring.go:21.61,24.3 2 0
github.com/runopsio/hoop/agent/monitoring.go:26.2,27.16 2 0
github.com/runopsio/hoop/agent/monitoring.go:27.16,30.3 2 0
github.com/runopsio/hoop/agent/monitoring.go:31.2,31.17 1 0
github.com/runopsio/hoop/agent/monitoring.go:31.17,35.3 2 0
github.com/runopsio/hoop/agent/monitoring.go:37.2,37.68 1 0
github.com/runopsio/hoop/agent/monitoring.go:37.68,40.3 2 0
github.com/runopsio/hoop/agent/mysql.go:15.54,19.23 4 0
github.com/runopsio/hoop/agent/mysql.go:19.23,23.3 3 0
github.com/runopsio/hoop/agent/mysql.go:25.2,26.52 2 0
github.com/runopsio/hoop/agent/mysql.go:26.52,30.3 3 0
github.com/runopsio/hoop/agent/mysql.go:31.2,33.58 3 0
github.com/runopsio/hoop/agent/mysql.go:33.58,39.17 2 0
github.com/runopsio/hoop/agent/mysql.go:39.17,43.4 3 0
github.com/runopsio/hoop/agent/mysql.go:44.3,44.29 1 0
github.com/runopsio/hoop/agent/mysql.go:44.29,46.4 1 0
github.com/runopsio/hoop/agent/mysql.go:47.3,47.65 1 0
github.com/runopsio/hoop/agent/mysql.go:47.65,51.4 3 0
github.com/runopsio/hoop/agent/mysql.go:52.3,52.9 1 0
github.com/runopsio/hoop/agent/mysql.go:55.2,56.16 2 0
github.com/runopsio/hoop/agent/mysql.go:56.16,60.3 3 0
github.com/runopsio/hoop/agent/mysql.go:62.2,64.16 3 0
github.com/runopsio/hoop/agent/mysql.go:64.16,69.3 4 0
github.com/runopsio/hoop/agent/mysql.go:70.2,76.59 2 0
github.com/runopsio/hoop/agent/postgres.go:18.51,22.23 4 0
github.com/runopsio/hoop/agent/postgres.go:22.23,27.3 3 0
github.com/runopsio/hoop/agent/postgres.go:29.2,30.30 2 0
github.com/runopsio/hoop/agent/postgres.go:30.30,35.3 3 0
github.com/runopsio/hoop/agent/postgres.go:36.2,38.55 3 0
github.com/runopsio/hoop/agent/postgres.go:38.55,44.17 2 0
github.com/runopsio/hoop/agent/postgres.go:44.17,49.4 4 0
github.com/runopsio/hoop/agent/postgres.go:50.3,50.29 1 0
github.com/runopsio/hoop/agent/postgres.go:50.29,52.4 1 0
github.com/runopsio/hoop/agent/postgres.go:53.3,53.61 1 0
github.com/runopsio/hoop/agent/postgres.go:53.61,56.4 2 0
github.com/runopsio/hoop/agent/postgres.go:57.3,57.9 1 0
github.com/runopsio/hoop/agent/postgres.go:60.2,61.16 2 0
github.com/runopsio/hoop/agent/postgres.go:61.16,66.3 3 0
github.com/runopsio/hoop/agent/postgres.go:69.2,70.16 2 0
github.com/runopsio/hoop/agent/postgres.go:70.16,75.3 3 0
github.com/runopsio/hoop/agent/postgres.go:77.2,77.34 1 0
github.com/runopsio/hoop/agent/postgres.go:77.34,83.17 2 0
github.com/runopsio/hoop/agent/postgres.go:83.17,85.4 1 0
github.com/runopsio/hoop/agent/postgres.go:86.3,86.9 1 0
github.com/runopsio/hoop/agent/postgres.go:90.2,90.29 1 0
github.com/runopsio/hoop/agent/postgres.go:90.29,95.17 3 0
github.com/runopsio/hoop/agent/postgres.go:95.17,98.4 2 0
github.com/runopsio/hoop/agent/postgres.go:99.3,100.59 2 0
github.com/runopsio/hoop/agent/postgres.go:100.59,104.4 2 0
github.com/runopsio/hoop/agent/postgres.go:105.3,105.9 1 0
github.com/runopsio/hoop/agent/postgres.go:108.2,109.16 2 0
github.com/runopsio/hoop/agent/postgres.go:109.16,114.3 3 0
github.com/runopsio/hoop/agent/postgres.go:116.2,118.16 3 0
github.com/runopsio/hoop/agent/postgres.go:118.16,123.3 3 0
github.com/runopsio/hoop/agent/postgres.go:124.2,124.63 1 0
github.com/runopsio/hoop/agent/postgres.go:124.63,129.3 3 0
github.com/runopsio/hoop/agent/postgres.go:130.2,133.64 4 0
github.com/runopsio/hoop/agent/postgres.go:133.64,135.3 1 0
github.com/runopsio/hoop/agent/postgres.go:136.2,137.16 2 0
github.com/runopsio/hoop/agent/postgres.go:137.16,142.3 3 0
github.com/runopsio/hoop/agent/postgres.go:144.2,156.59 4 0
github.com/runopsio/hoop/agent/postgres.go:159.80,160.70 1 0
github.com/runopsio/hoop/agent/postgres.go:160.70,162.3 1 0
github.com/runopsio/hoop/agent/postgres.go:163.2,163.45 1 0
github.com/runopsio/hoop/agent/tcp.go:14.55,17.30 3 0
github.com/runopsio/hoop/agent/tcp.go:17.30,21.3 3 0
github.com/runopsio/hoop/agent/tcp.go:22.2,23.23 2 0
github.com/runopsio/hoop/agent/tcp.go:23.23,27.3 3 0
github.com/runopsio/hoop/agent/tcp.go:28.2,29.82 2 0
github.com/runopsio/hoop/agent/tcp.go:29.82,35.17 2 0
github.com/runopsio/hoop/agent/tcp.go:35.17,38.4 2 0
github.com/runopsio/hoop/agent/tcp.go:39.3,39.29 1 0
github.com/runopsio/hoop/agent/tcp.go:39.29,41.4 1 0
github.com/runopsio/hoop/agent/tcp.go:42.3,42.57 1 0
github.com/runopsio/hoop/agent/tcp.go:42.57,46.4 3 0
github.com/runopsio/hoop/agent/tcp.go:47.3,47.9 1 0
github.com/runopsio/hoop/agent/tcp.go:49.2,54.16 3 0
github.com/runopsio/hoop/agent/tcp.go:54.16,58.3 3 0
github.com/runopsio/hoop/agent/tcp.go:59.2,60.16 2 0
github.com/runopsio/hoop/agent/tcp.go:60.16,64.3 3 0
github.com/runopsio/hoop/agent/tcp.go:65.2,66.12 2 0
github.com/runopsio/hoop/agent/tcp.go:66.12,71.57 2 0
github.com/runopsio/hoop/agent/tcp.go:71.57,72.58 1 0
github.com/runopsio/hoop/agent/tcp.go:72.58,76.5 3 0
github.com/runopsio/hoop/agent/tcp.go:78.3,78.58 1 0
github.com/runopsio/hoop/agent/tcp.go:78.58,79.21 1 0
github.com/runopsio/hoop/agent/tcp.go:79.21,81.5 1 0
github.com/runopsio/hoop/agent/tcp.go:82.4,82.73 1 0
github.com/runopsio/hoop/agent/terminal-exec.go:16.40,21.23 4 0
github.com/runopsio/hoop/agent/terminal-exec.go:21.23,25.3 3 0
github.com/runopsio/hoop/agent/terminal-exec.go:26.2,30.16 2 0
github.com/runopsio/hoop/agent/terminal-exec.go:30.16,33.3 2 0
github.com/runopsio/hoop/agent/terminal-exec.go:34.2,34.28 1 0
github.com/runopsio/hoop/agent/terminal-exec.go:34.28,36.3 1 0
github.com/runopsio/hoop/agent/terminal-exec.go:38.2,39.16 2 0
github.com/runopsio/hoop/agent/terminal-exec.go:39.16,44.3 4 0
github.com/runopsio/hoop/agent/terminal-exec.go:45.2,51.69 5 0
github.com/runopsio/hoop/agent/terminal-exec.go:51.69,66.3 2 0
github.com/runopsio/hoop/agent/terminal-exec.go:68.2,68.85 1 0
github.com/runopsio/hoop/agent/terminal-exec.go:68.85,70.19 2 0
github.com/runopsio/hoop/agent/terminal-exec.go:70.19,72.4 1 0
github.com/runopsio/hoop/agent/terminal-exec.go:73.3,81.26 1 0
github.com/runopsio/hoop/agent/terminal.go:19.59,22.23 3 0
github.com/runopsio/hoop/agent/terminal.go:22.23,26.3 3 0
github.com/runopsio/hoop/agent/terminal.go:27.2,30.8 4 0
github.com/runopsio/hoop/agent/terminal.go:30.8,36.17 2 0
github.com/runopsio/hoop/agent/terminal.go:36.17,41.4 4 0
github.com/runopsio/hoop/agent/terminal.go:42.3,42.29 1 0
github.com/runopsio/hoop/agent/terminal.go:42.29,44.4 1 0
github.com/runopsio/hoop/agent/terminal.go:46.3,46.51 1 0
github.com/runopsio/hoop/agent/terminal.go:46.51,49.4 2 0
github.com/runopsio/hoop/agent/terminal.go:50.3,50.9 1 0
github.com/runopsio/hoop/agent/terminal.go:53.2,54.16 2 0
github.com/runopsio/hoop/agent/terminal.go:54.16,62.3 4 0
github.com/runopsio/hoop/agent/terminal.go:63.2,66.69 4 0
github.com/runopsio/hoop/agent/terminal.go:66.69,74.3 1 0
github.com/runopsio/hoop/agent/terminal.go:75.2,75.70 1 0
github.com/runopsio/hoop/agent/terminal.go:75.70,77.16 2 0
github.com/runopsio/hoop/agent/terminal.go:77.16,80.4 2 0
github.com/runopsio/hoop/agent/terminal.go:81.3,81.61 1 0
github.com/runopsio/hoop/agent/terminal.go:83.2,83.36 1 0
github.com/runopsio/hoop/agent/terminal.go:86.53,91.8 5 0
github.com/runopsio/hoop/agent/terminal.go:91.8,93.17 2 0
github.com/runopsio/hoop/agent/terminal.go:93.17,97.4 3 0
github.com/runopsio/hoop/agent/terminal.go:98.3,98.48 1 0
github.com/runopsio/hoop/agent/terminal.go:98.48,101.4 2 0
github.com/runopsio/hoop/agent/terminal.go:105.64,106.33 1 0
github.com/runopsio/hoop/agent/terminal.go:106.33,109.3 1 0
github.com/runopsio/hoop/agent/terminal.go:110.2,111.20 2 0
github.com/runopsio/hoop/agent/terminal.go:111.20,113.3 1 0
github.com/runopsio/hoop/agent/terminal.go:114.2,114.58 1 0
github.com/runopsio/hoop/agent/terminal.go:117.66,120.28 2 0
github.com/runopsio/hoop/agent/terminal.go:120.28,122.3 1 0
github.com/runopsio/hoop/agent/terminal.go:123.2,123.25 1 0
github.com/runopsio/hoop/agent/terminal.go:123.25,124.58 1 0
github.com/runopsio/hoop/agent/terminal.go:124.58,126.4 1 0
github.com/runopsio/hoop/agent/terminal.go:128.2,128.41 1 0
github.com/runopsio/hoop/agent/terminal.go:128.41,128.93 2 0
github.com/runopsio/hoop/agent/terminal.go:129.2,134.8 1 0
github.com/runopsio/hoop/agent/dcm/provisioner.go:60.40,60.86 1 0
github.com/runopsio/hoop/agent/dcm/provisioner.go:61.43,63.2 1 0
github.com/runopsio/hoop/agent/dcm/provisioner.go:64.44,64.77 1 0
github.com/runopsio/hoop/agent/dcm/provisioner.go:65.44,65.79 1 0
github.com/runopsio/hoop/agent/dcm/provisioner.go:66.44,66.75 1 0
github.com/runopsio/hoop/agent/dcm/provisioner.go:68.55,72.2 1 8
github.com/runopsio/hoop/agent/dcm/provisioner.go:74.47,76.16 2 9
github.com/runopsio/hoop/agent/dcm/provisioner.go:76.16,78.3 1 1
github.com/runopsio/hoop/agent/dcm/provisioner.go:80.2,84.50 4 8
github.com/runopsio/hoop/agent/dcm/provisioner.go:84.50,86.3 1 6
github.com/runopsio/hoop/agent/dcm/provisioner.go:87.2,89.12 3 8
github.com/runopsio/hoop/agent/dcm/provisioner.go:89.12,91.3 1 0
github.com/runopsio/hoop/agent/dcm/provisioner.go:92.2,97.42 5 8
github.com/runopsio/hoop/agent/dcm/provisioner.go:97.42,102.3 1 16
github.com/runopsio/hoop/agent/dcm/provisioner.go:103.2,105.12 3 8
github.com/runopsio/hoop/agent/dcm/provisioner.go:108.40,109.9 1 8
github.com/runopsio/hoop/agent/dcm/provisioner.go:110.53,111.30 1 1
github.com/runopsio/hoop/agent/dcm/provisioner.go:112.44,113.26 1 1
github.com/runopsio/hoop/agent/dcm/provisioner.go:114.35,115.35 1 1
github.com/runopsio/hoop/agent/dcm/provisioner.go:116.41,117.35 1 1
github.com/runopsio/hoop/agent/dcm/provisioner.go:118.30,119.28 1 1
github.com/runopsio/hoop/agent/dcm/provisioner.go:121.2,121.12 1 3
github.com/runopsio/hoop/agent/dcm/provisioner.go:137.114,139.16 2 0
github.com/runopsio/hoop/agent/dcm/provisioner.go:139.16,141.3 1 0
github.com/runopsio/hoop/agent/dcm/provisioner.go:142.2,146.54 3 0
github.com/runopsio/hoop/agent/dcm/provisioner.go:149.64,151.66 2 0
github.com/runopsio/hoop/agent/dcm/provisioner.go:151.66,153.3 1 0
github.com/runopsio/hoop/agent/dcm/provisioner.go:154.2,155.50 2 0
github.com/runopsio/hoop/agent/dcm/provisioner.go:155.50,157.23 2 0
github.com/runopsio/hoop/agent/dcm/provisioner.go:157.23,163.18 3 0
github.com/runopsio/hoop/agent/dcm/provisioner.go:163.18,166.5 1 0
github.com/runopsio/hoop/agent/dcm/provisioner.go:167.4,172.18 5 0
github.com/runopsio/hoop/agent/dcm/provisioner.go:172.18,174.5 1 0
github.com/runopsio/hoop/agent/dcm/provisioner.go:175.4,175.96 1 0
github.com/runopsio/hoop/agent/dcm/provisioner.go:175.96,176.56 1 0
github.com/runopsio/hoop/agent/dcm/provisioner.go:176.56,178.6 1 0
github.com/runopsio/hoop/agent/dcm/provisioner.go:180.4,180.22 1 0
github.com/runopsio/hoop/agent/dcm/provisioner.go:182.3,182.17 1 0
github.com/runopsio/hoop/agent/dcm/provisioner.go:182.17,184.4 1 0
github.com/runopsio/hoop/agent/dcm/provisioner.go:186.2,186.12 1 0
github.com/runopsio/hoop/agent/dcm/provisioner.go:189.84,191.16 2 0
github.com/runopsio/hoop/agent/dcm/provisioner.go:191.16,193.3 1 0
github.com/runopsio/hoop/agent/dcm/provisioner.go:194.2,197.16 4 0
github.com/runopsio/hoop/agent/dcm/provisioner.go:197.16,199.3 1 0
github.com/runopsio/hoop/agent/dcm/provisioner.go:200.2,204.25 5 0
github.com/runopsio/hoop/agent/dcm/provisioner.go:205.11,205.11 0 0
github.com/runopsio/hoop/agent/dcm/provisioner.go:206.17,207.42 1 0
github.com/runopsio/hoop/agent/dcm/provisioner.go:207.42,210.55 3 0
github.com/runopsio/hoop/agent/dcm/provisioner.go:210.55,212.5 1 0
github.com/runopsio/hoop/agent/dcm/provisioner.go:214.10,215.13 1 0
github.com/runopsio/hoop/agent/dcm/provisioner.go:217.2,217.20 1 0
github.com/runopsio/hoop/agent/dcm/provisioner.go:220.87,225.16 5 10
github.com/runopsio/hoop/agent/dcm/provisioner.go:225.16,227.3 1 0
github.com/runopsio/hoop/agent/dcm/provisioner.go:228.2,228.27 1 10
github.com/runopsio/hoop/agent/dcm/provisioner.go:228.27,230.3 1 1
github.com/runopsio/hoop/agent/dcm/provisioner.go:231.2,243.47 2 9
github.com/runopsio/hoop/agent/dcm/provisioner.go:243.47,245.3 1 1
github.com/runopsio/hoop/agent/dcm/provisioner.go:246.2,261.30 5 8
github.com/runopsio/hoop/agent/dcm/provisioner.go:264.70,266.21 2 0
github.com/runopsio/hoop/agent/dcm/provisioner.go:266.21,268.3 1 0
github.com/runopsio/hoop/agent/dcm/provisioner.go:269.2,270.18 2 0
github.com/runopsio/hoop/agent/dcm/provisioner.go:270.18,272.3 1 0
github.com/runopsio/hoop/agent/dcm/provisioner.go:273.2,273.56 1 0
github.com/runopsio/hoop/agent/dcm/provisioner.go:276.51,279.2 2 11
github.com/runopsio/hoop/agent/dcm/provisioner.go:281.42,285.2 3 1
github.com/runopsio/hoop/agent/dcm/statements.go:16.61,18.2 1 0
github.com/runopsio/hoop/agent/dcm/statements.go:20.60,22.2 1 0
github.com/runopsio/hoop/agent/dcm/statements.go:24.79,31.2 2 0
github.com/runopsio/hoop/agent/dlp/gcp.go:19.81,24.16 2 0
github.com/runopsio/hoop/agent/dlp/gcp.go:24.16,26.3 1 0
github.com/runopsio/hoop/agent/dlp/gcp.go:27.2,28.16 2 0
github.com/runopsio/hoop/agent/dlp/gcp.go:28.16,30.3 1 0
github.com/runopsio/hoop/agent/dlp/gcp.go:31.2,31.49 1 0
github.com/runopsio/hoop/agent/dlp/gcp.go:40.39,55.2 2 0
github.com/runopsio/hoop/agent/dlp/gcp.go:57.56,59.24 2 0
github.com/runopsio/hoop/agent/dlp/gcp.go:59.24,61.3 1 0
github.com/runopsio/hoop/agent/dlp/gcp.go:62.2,64.30 3 0
github.com/runopsio/hoop/agent/dlp/gcp.go:64.30,70.26 2 0
github.com/runopsio/hoop/agent/dlp/gcp.go:70.26,72.4 1 0
github.com/runopsio/hoop/agent/dlp/gcp.go:73.3,73.13 1 0
github.com/runopsio/hoop/agent/dlp/gcp.go:75.2,75.76 1 0
github.com/runopsio/hoop/agent/dlp/gcp.go:75.76,79.17 4 0
github.com/runopsio/hoop/agent/dlp/gcp.go:79.17,81.4 1 0
github.com/runopsio/hoop/agent/dlp/gcp.go:82.3,82.53 1 0
github.com/runopsio/hoop/agent/dlp/gcp.go:82.53,84.4 1 0
github.com/runopsio/hoop/agent/dlp/gcp.go:85.3,86.39 2 0
github.com/runopsio/hoop/agent/dlp/gcp.go:86.39,88.4 1 0
github.com/runopsio/hoop/agent/dlp/gcp.go:89.3,89.42 1 0
github.com/runopsio/hoop/agent/dlp/gcp.go:91.2,92.38 2 0
github.com/runopsio/hoop/agent/dlp/gcp.go:92.38,94.3 1 0
github.com/runopsio/hoop/agent/dlp/gcp.go:95.2,95.41 1 0
github.com/runopsio/hoop/agent/dlp/gcp.go:98.38,101.2 2 0
github.com/runopsio/hoop/agent/dlp/gcp.go:103.121,107.16 4 0
github.com/runopsio/hoop/agent/dlp/gcp.go:107.16,111.3 1 0
github.com/runopsio/hoop/agent/dlp/gcp.go:113.2,114.65 2 0
github.com/runopsio/hoop/agent/dlp/gcp.go:114.65,115.31 1 0
github.com/runopsio/hoop/agent/dlp/gcp.go:115.31,120.4 2 0
github.com/runopsio/hoop/agent/dlp/gcp.go:121.3,123.42 1 0
github.com/runopsio/hoop/agent/dlp/gcp.go:126.2,127.26 2 0
github.com/runopsio/hoop/agent/dlp/gcp.go:127.26,133.3 2 0
github.com/runopsio/hoop/agent/dlp/gcp.go:134.2,135.14 2 0
github.com/runopsio/hoop/agent/dlp/gcp.go:141.97,143.42 2 2
github.com/runopsio/hoop/agent/dlp/gcp.go:143.42,144.42 1 5
github.com/runopsio/hoop/agent/dlp/gcp.go:144.42,150.54 4 5
github.com/runopsio/hoop/agent/dlp/gcp.go:150.54,152.5 1 2
github.com/runopsio/hoop/agent/dlp/gcp.go:153.4,153.28 1 5
github.com/runopsio/hoop/agent/dlp/gcp.go:157.2,159.25 3 2
github.com/runopsio/hoop/agent/dlp/gcp.go:159.25,161.31 2 5
github.com/runopsio/hoop/agent/dlp/gcp.go:161.31,163.9 2 2
github.com/runopsio/hoop/agent/dlp/gcp.go:165.3,165.8 1 3
github.com/runopsio/hoop/agent/dlp/gcp.go:167.2,167.23 1 2
github.com/runopsio/hoop/agent/dlp/gcp.go:172.89,175.27 3 0
github.com/runopsio/hoop/agent/dlp/gcp.go:175.27,176.54 1 0
github.com/runopsio/hoop/agent/dlp/gcp.go:176.54,178.4 1 0
github.com/runopsio/hoop/agent/dlp/gcp.go:179.3,179.51 1 0
github.com/runopsio/hoop/agent/dlp/gcp.go:181.2,181.25 1 0
github.com/runopsio/hoop/agent/dlp/gcp.go:184.86,186.30 2 3
github.com/runopsio/hoop/agent/dlp/gcp.go:186.30,188.3 1 1
github.com/runopsio/hoop/agent/dlp/gcp.go:189.2,190.30 2 2
github.com/runopsio/hoop/agent/dlp/gcp.go:190.30,192.3 1 2
github.com/runopsio/hoop/agent/dlp/gcp.go:193.2,194.6 2 2
github.com/runopsio/hoop/agent/dlp/gcp.go:194.6,195.23 1 12
github.com/runopsio/hoop/agent/dlp/gcp.go:195.23,197.4 1 3
github.com/runopsio/hoop/agent/dlp/gcp.go:198.3,198.21 1 12
github.com/runopsio/hoop/agent/dlp/gcp.go:198.21,199.9 1 2
github.com/runopsio/hoop/agent/dlp/gcp.go:201.3,203.17 3 10
github.com/runopsio/hoop/agent/dlp/gcp.go:203.17,204.9 1 0
github.com/runopsio/hoop/agent/dlp/gcp.go:206.3,207.50 2 10
github.com/runopsio/hoop/agent/dlp/gcp.go:209.2,209.15 1 2
github.com/runopsio/hoop/agent/dlp/gcp.go:212.63,214.41 2 5
github.com/runopsio/hoop/agent/dlp/gcp.go:214.41,215.21 1 5
github.com/runopsio/hoop/agent/dlp/gcp.go:215.21,216.12 1 0
github.com/runopsio/hoop/agent/dlp/gcp.go:218.3,218.65 1 5
github.com/runopsio/hoop/agent/dlp/gcp.go:220.2,220.18 1 5
github.com/runopsio/hoop/agent/dlp/gcp.go:223.91,250.2 1 0
github.com/runopsio/hoop/agent/dlp/pg.go:20.92,21.35 1 5
github.com/runopsio/hoop/agent/dlp/pg.go:21.35,23.3 1 0
github.com/runopsio/hoop/agent/dlp/pg.go:24.2,30.8 1 5
github.com/runopsio/hoop/agent/dlp/pg.go:33.97,34.49 1 12
github.com/runopsio/hoop/agent/dlp/pg.go:34.49,37.3 2 1
github.com/runopsio/hoop/agent/dlp/pg.go:38.2,41.59 2 11
github.com/runopsio/hoop/agent/dlp/pg.go:41.59,48.3 4 4
github.com/runopsio/hoop/agent/dlp/pg.go:51.2,51.19 1 7
github.com/runopsio/hoop/agent/dlp/pg.go:51.19,54.3 2 1
github.com/runopsio/hoop/agent/dlp/pg.go:56.2,56.41 1 6
github.com/runopsio/hoop/agent/dlp/pg.go:56.41,59.3 2 5
github.com/runopsio/hoop/agent/dlp/pg.go:59.8,61.3 1 1
github.com/runopsio/hoop/agent/dlp/pg.go:62.2,62.62 1 6
github.com/runopsio/hoop/agent/dlp/pg.go:62.62,66.3 3 1
github.com/runopsio/hoop/agent/dlp/pg.go:69.2,69.47 1 5
github.com/runopsio/hoop/agent/dlp/pg.go:69.47,72.3 2 1
github.com/runopsio/hoop/agent/dlp/pg.go:75.72,76.15 1 2
github.com/runopsio/hoop/agent/dlp/pg.go:76.15,76.83 3 2
github.com/runopsio/hoop/agent/dlp/pg.go:77.2,84.16 2 2
github.com/runopsio/hoop/agent/dlp/pg.go:84.16,88.3 3 0
github.com/runopsio/hoop/agent/dlp/pg.go:89.2,89.76 1 2
github.com/runopsio/hoop/agent/dlp/pg.go:89.76,93.3 3 0
github.com/runopsio/hoop/agent/dlp/pg.go:94.2,94.62 1 2
github.com/runopsio/hoop/agent/dlp/pg.go:94.62,98.3 3 0
github.com/runopsio/hoop/agent/dlp/pg.go:101.56,103.33 2 2
github.com/runopsio/hoop/agent/dlp/pg.go:103.33,105.34 2 5
github.com/runopsio/hoop/agent/dlp/pg.go:105.34,107.4 1 15
github.com/runopsio/hoop/agent/dlp/pg.go:108.3,109.55 2 5
github.com/runopsio/hoop/agent/dlp/pg.go:111.2,111.40 1 2
github.com/runopsio/hoop/agent/dlp/pg.go:114.102,116.25 1 2
github.com/runopsio/hoop/agent/dlp/pg.go:116.25,118.3 1 0
github.com/runopsio/hoop/agent/dlp/pg.go:119.2,125.20 4 2
github.com/runopsio/hoop/agent/dlp/pg.go:125.20,127.17 2 7
github.com/runopsio/hoop/agent/dlp/pg.go:127.17,128.21 1 2
github.com/runopsio/hoop/agent/dlp/pg.go:128.21,129.10 1 2
github.com/runopsio/hoop/agent/dlp/pg.go:131.4,131.38 1 0
github.com/runopsio/hoop/agent/dlp/pg.go:133.3,133.49 1 5
github.com/runopsio/hoop/agent/dlp/pg.go:133.49,135.4 1 0
github.com/runopsio/hoop/agent/dlp/pg.go:136.3,140.44 4 5
github.com/runopsio/hoop/agent/dlp/pg.go:140.44,143.49 2 15
github.com/runopsio/hoop/agent/dlp/pg.go:143.49,145.5 1 0
github.com/runopsio/hoop/agent/dlp/pg.go:146.4,148.18 3 15
github.com/runopsio/hoop/agent/dlp/pg.go:148.18,150.5 1 0
github.com/runopsio/hoop/agent/dlp/pg.go:152.4,152.52 1 15
github.com/runopsio/hoop/agent/dlp/pg.go:152.52,154.5 1 6
github.com/runopsio/hoop/agent/dlp/pg.go:155.4,156.83 1 15
github.com/runopsio/hoop/agent/dlp/pg.go:158.3,158.86 1 5
github.com/runopsio/hoop/agent/dlp/pg.go:160.2,161.12 2 2
github.com/runopsio/hoop/agent/dlp/pg.go:161.12,166.3 4 2
github.com/runopsio/hoop/agent/dlp/pg.go:167.2,168.25 2 2
github.com/runopsio/hoop/agent/dlp/pg.go:168.25,171.8 3 2
github.com/runopsio/hoop/agent/dlp/pg.go:173.2,173.52 1 2
github.com/runopsio/hoop/agent/dlp/pg.go:173.52,175.3 1 0
github.com/runopsio/hoop/agent/dlp/pg.go:176.2,176.27 1 2
github.com/runopsio/hoop/agent/dlp/types.go:88.54,92.2 1 2
github.com/runopsio/hoop/agent/dlp/types.go:94.56,98.2 1 5
github.com/runopsio/hoop/agent/dlp/types.go:100.54,101.9 1 0
github.com/runopsio/hoop/agent/dlp/types.go:102.27,103.85 1 0
github.com/runopsio/hoop/agent/dlp/types.go:104.28,110.4 2 0
github.com/runopsio/hoop/agent/dlp/types.go:111.10,112.13 1 0
github.com/runopsio/hoop/agent/dlp/types.go:116.38,118.2 1 0
github.com/runopsio/hoop/agent/dlp/types.go:120.37,122.2 1 0
github.com/runopsio/hoop/agent/mysql/middleware/auth/auth.go:36.47,42.2 1 2
github.com/runopsio/hoop/agent/mysql/middleware/auth/auth.go:54.97,57.23 1 8
github.com/runopsio/hoop/agent/mysql/middleware/auth/auth.go:57.23,60.3 2 0
github.com/runopsio/hoop/agent/mysql/middleware/auth/auth.go:62.2,65.38 3 8
github.com/runopsio/hoop/agent/mysql/middleware/auth/auth.go:65.38,68.17 3 2
github.com/runopsio/hoop/agent/mysql/middleware/auth/auth.go:68.17,71.4 2 0
github.com/runopsio/hoop/agent/mysql/middleware/auth/auth.go:72.3,80.9 6 2
github.com/runopsio/hoop/agent/mysql/middleware/auth/auth.go:82.2,83.17 2 6
github.com/runopsio/hoop/agent/mysql/middleware/auth/auth.go:87.36,88.39 1 2
github.com/runopsio/hoop/agent/mysql/middleware/auth/auth.go:88.39,91.4 2 0
github.com/runopsio/hoop/agent/mysql/middleware/auth/auth.go:92.3,92.44 1 2
github.com/runopsio/hoop/agent/mysql/middleware/auth/auth.go:96.36,99.13 3 2
github.com/runopsio/hoop/agent/mysql/middleware/auth/auth.go:99.13,104.4 4 1
github.com/runopsio/hoop/agent/mysql/middleware/auth/auth.go:105.37,106.52 1 0
github.com/runopsio/hoop/agent/mysql/middleware/auth/auth.go:108.35,109.50 1 1
github.com/runopsio/hoop/agent/mysql/middleware/auth/auth.go:111.27,112.26 1 1
github.com/runopsio/hoop/agent/mysql/middleware/auth/auth.go:112.26,117.9 5 1
github.com/runopsio/hoop/agent/mysql/middleware/auth/auth.go:119.3,119.32 1 0
github.com/runopsio/hoop/agent/mysql/middleware/auth/auth.go:121.10,122.36 1 0
github.com/runopsio/hoop/agent/mysql/middleware/auth/auth.go:124.2,124.16 1 6
github.com/runopsio/hoop/agent/mysql/middleware/auth/auth.go:124.16,127.3 2 0
github.com/runopsio/hoop/agent/mysql/middleware/auth/auth.go:131.77,133.69 2 0
github.com/runopsio/hoop/agent/mysql/middleware/auth/auth.go:133.69,134.44 1 0
github.com/runopsio/hoop/agent/mysql/middleware/auth/auth.go:134.44,136.4 1 0
github.com/runopsio/hoop/agent/mysql/middleware/auth/auth.go:140.88,142.16 2 2
github.com/runopsio/hoop/agent/mysql/middleware/auth/auth.go:142.16,144.3 1 0
github.com/runopsio/hoop/agent/mysql/middleware/auth/auth.go:145.2,146.16 2 2
github.com/runopsio/hoop/agent/mysql/middleware/auth/auth.go:146.16,148.3 1 0
github.com/runopsio/hoop/agent/mysql/middleware/auth/auth.go:150.2,153.51 4 2
github.com/runopsio/hoop/agent/mysql/middleware/auth/auth.go:153.51,155.3 1 0
github.com/runopsio/hoop/agent/mysql/middleware/auth/auth.go:156.2,157.12 2 2
github.com/runopsio/hoop/agent/mysql/middleware/auth/auth.go:160.103,162.16 2 2
github.com/runopsio/hoop/agent/mysql/middleware/auth/auth.go:162.16,164.3 1 0
github.com/runopsio/hoop/agent/mysql/middleware/auth/auth.go:166.2,166.21 1 2
github.com/runopsio/hoop/agent/mysql/middleware/auth/auth.go:166.21,167.22 1 0
github.com/runopsio/hoop/agent/mysql/middleware/auth/auth.go:167.22,169.4 1 0
github.com/runopsio/hoop/agent/mysql/middleware/auth/auth.go:169.9,172.4 1 0
github.com/runopsio/hoop/agent/mysql/middleware/auth/auth.go:174.3,176.17 3 0
github.com/runopsio/hoop/agent/mysql/middleware/auth/auth.go:176.17,178.4 1 0
github.com/runopsio/hoop/agent/mysql/middleware/auth/auth.go:179.3,182.20 3 0
github.com/runopsio/hoop/agent/mysql/middleware/auth/auth.go:184.2,184.70 1 2
github.com/runopsio/hoop/agent/mysql/middleware/auth/auth.go:187.96,189.16 2 0
github.com/runopsio/hoop/agent/mysql/middleware/auth/auth.go:189.16,191.3 1 0
github.com/runopsio/hoop/agent/mysql/middleware/auth/auth.go:192.2,192.21 1 0
github.com/runopsio/hoop/agent/mysql/middleware/auth/auth.go:192.21,196.3 2 0
github.com/runopsio/hoop/agent/mysql/middleware/auth/auth.go:197.2,198.12 2 0
github.com/runopsio/hoop/agent/mysql/middleware/auth/auth.go:201.94,202.35 1 1
github.com/runopsio/hoop/agent/mysql/middleware/auth/auth.go:202.35,204.3 1 0
github.com/runopsio/hoop/agent/mysql/middleware/auth/auth.go:205.2,206.18 2 1
github.com/runopsio/hoop/agent/mysql/middleware/auth/auth.go:206.18,208.3 1 0
github.com/runopsio/hoop/agent/mysql/middleware/auth/auth.go:209.2,210.16 2 1
github.com/runopsio/hoop/agent/mysql/middleware/auth/auth.go:210.16,212.3 1 0
github.com/runopsio/hoop/agent/mysql/middleware/auth/auth.go:213.2,215.16 3 1
github.com/runopsio/hoop/agent/mysql/middleware/auth/auth.go:215.16,217.3 1 0
github.com/runopsio/hoop/agent/mysql/middleware/auth/auth.go:218.2,219.16 2 1
github.com/runopsio/hoop/agent/mysql/middleware/auth/auth.go:219.16,221.3 1 0
github.com/runopsio/hoop/agent/mysql/middleware/auth/auth.go:222.2,223.12 2 1
github.com/runopsio/hoop/agent/mysql/middleware/auth/auth.go:226.113,227.16 1 2
github.com/runopsio/hoop/agent/mysql/middleware/auth/auth.go:229.31,230.24 1 1
github.com/runopsio/hoop/agent/mysql/middleware/auth/auth.go:231.10,233.20 2 0
github.com/runopsio/hoop/agent/mysql/middleware/auth/auth.go:234.10,235.23 1 1
github.com/runopsio/hoop/agent/mysql/middleware/auth/auth.go:236.44,239.22 3 0
github.com/runopsio/hoop/agent/mysql/middleware/auth/auth.go:240.54,246.22 5 1
github.com/runopsio/hoop/agent/mysql/middleware/auth/auth.go:247.12,248.32 1 0
github.com/runopsio/hoop/agent/mysql/middleware/auth/auth.go:250.11,251.31 1 0
github.com/runopsio/hoop/agent/mysql/middleware/auth/auth.go:254.25,255.82 1 0
github.com/runopsio/hoop/agent/mysql/middleware/auth/auth.go:256.10,257.19 1 1
github.com/runopsio/hoop/agent/mysql/middleware/auth/auth.go:263.68,264.26 1 0
github.com/runopsio/hoop/agent/mysql/middleware/auth/auth.go:264.26,266.3 1 0
github.com/runopsio/hoop/agent/mysql/middleware/auth/auth.go:269.2,274.26 4 0
github.com/runopsio/hoop/agent/mysql/middleware/auth/auth.go:274.26,277.3 2 0
github.com/runopsio/hoop/agent/mysql/middleware/auth/auth.go:280.2,281.63 2 0
github.com/runopsio/hoop/agent/mysql/middleware/auth/auth.go:284.84,286.22 1 2
github.com/runopsio/hoop/agent/mysql/middleware/auth/auth.go:287.11,288.22 1 1
github.com/runopsio/hoop/agent/mysql/middleware/auth/auth.go:289.21,290.32 1 1
github.com/runopsio/hoop/agent/mysql/middleware/auth/auth.go:291.12,293.25 2 0
github.com/runopsio/hoop/agent/mysql/middleware/auth/auth.go:293.25,295.4 1 0
github.com/runopsio/hoop/agent/mysql/middleware/auth/auth.go:296.3,298.31 3 0
github.com/runopsio/hoop/agent/mysql/middleware/auth/auth.go:299.12,300.42 1 0
github.com/runopsio/hoop/agent/mysql/middleware/auth/auth.go:301.10,302.32 1 0
github.com/runopsio/hoop/agent/mysql/middleware/auth/crypto.go:10.88,13.23 3 1
github.com/runopsio/hoop/agent/mysql/middleware/auth/crypto.go:13.23,16.3 2 1
github.com/runopsio/hoop/agent/mysql/middleware/auth/crypto.go:17.2,18.60 2 1
github.com/runopsio/hoop/agent/mysql/middleware/auth/crypto.go:22.64,23.24 1 1
github.com/runopsio/hoop/agent/mysql/middleware/auth/crypto.go:23.24,25.3 1 1
github.com/runopsio/hoop/agent/mysql/middleware/auth/crypto.go:28.2,45.26 11 0
github.com/runopsio/hoop/agent/mysql/middleware/auth/crypto.go:45.26,47.3 1 0
github.com/runopsio/hoop/agent/mysql/middleware/auth/crypto.go:48.2,48.17 1 0
github.com/runopsio/hoop/agent/mysql/middleware/auth/crypto.go:52.70,53.24 1 1
github.com/runopsio/hoop/agent/mysql/middleware/auth/crypto.go:53.24,55.3 1 1
github.com/runopsio/hoop/agent/mysql/middleware/auth/crypto.go:59.2,72.26 11 0
github.com/runopsio/hoop/agent/mysql/middleware/auth/crypto.go:72.26,74.3 1 0
github.com/runopsio/hoop/agent/mysql/middleware/auth/crypto.go:76.2,76.17 1 0
github.com/runopsio/hoop/agent/mysql/middleware/auth/parsers.go:28.72,33.34 3 2
github.com/runopsio/hoop/agent/mysql/middleware/auth/parsers.go:33.34,39.3 1 0
github.com/runopsio/hoop/agent/mysql/middleware/auth/parsers.go:43.2,72.21 17 2
github.com/runopsio/hoop/agent/mysql/middleware/auth/parsers.go:72.21,94.58 4 2
github.com/runopsio/hoop/agent/mysql/middleware/auth/parsers.go:94.58,96.4 1 2
github.com/runopsio/hoop/agent/mysql/middleware/auth/parsers.go:96.9,98.4 1 0
github.com/runopsio/hoop/agent/mysql/middleware/auth/parsers.go:101.3,107.30 3 2
github.com/runopsio/hoop/agent/mysql/middleware/auth/parsers.go:111.2,117.29 3 0
github.com/runopsio/hoop/agent/mysql/middleware/auth/parsers.go:120.111,127.48 6 4
github.com/runopsio/hoop/agent/mysql/middleware/auth/parsers.go:127.48,131.19 3 4
github.com/runopsio/hoop/agent/mysql/middleware/auth/parsers.go:131.19,133.4 1 0
github.com/runopsio/hoop/agent/mysql/middleware/auth/parsers.go:134.3,141.19 4 4
github.com/runopsio/hoop/agent/mysql/middleware/auth/parsers.go:141.19,143.4 1 0
github.com/runopsio/hoop/agent/mysql/middleware/auth/parsers.go:144.3,144.53 1 4
github.com/runopsio/hoop/agent/mysql/middleware/auth/parsers.go:146.2,152.8 1 4
github.com/runopsio/hoop/agent/mysql/middleware/auth/parsers.go:157.106,166.26 6 2
github.com/runopsio/hoop/agent/mysql/middleware/auth/parsers.go:166.26,170.3 1 0
github.com/runopsio/hoop/agent/mysql/middleware/auth/parsers.go:172.2,175.39 2 2
github.com/runopsio/hoop/agent/mysql/middleware/auth/parsers.go:175.39,177.3 1 2
github.com/runopsio/hoop/agent/mysql/middleware/auth/parsers.go:179.2,192.27 9 2
github.com/runopsio/hoop/agent/mysql/middleware/auth/parsers.go:192.27,194.3 1 46
github.com/runopsio/hoop/agent/mysql/middleware/auth/parsers.go:196.2,205.31 6 2
github.com/runopsio/hoop/agent/mysql/middleware/auth/parsers.go:205.31,209.3 3 2
github.com/runopsio/hoop/agent/mysql/middleware/auth/parsers.go:211.2,213.37 3 2
github.com/runopsio/hoop/agent/mysql/middleware/auth/parsers.go:216.82,217.16 1 2
github.com/runopsio/hoop/agent/mysql/middleware/auth/parsers.go:218.31,220.23 2 1
github.com/runopsio/hoop/agent/mysql/middleware/auth/parsers.go:222.31,226.23 2 1
github.com/runopsio/hoop/agent/mysql/middleware/auth/parsers.go:237.10,238.75 1 0
github.com/runopsio/hoop/agent/mysql/middleware/auth/parsers.go:243.60,244.9 1 2
github.com/runopsio/hoop/agent/mysql/middleware/auth/parsers.go:245.16,246.28 1 2
github.com/runopsio/hoop/agent/mysql/middleware/auth/parsers.go:248.19,249.46 1 0
github.com/runopsio/hoop/agent/mysql/middleware/auth/parsers.go:251.21,252.59 1 0
github.com/runopsio/hoop/agent/mysql/middleware/auth/parsers.go:254.2,255.54 1 0
github.com/runopsio/hoop/agent/pg/packet.go:20.49,23.2 2 0
github.com/runopsio/hoop/agent/pg/packet.go:25.54,30.2 4 1
github.com/runopsio/hoop/agent/pg/packet.go:32.34,35.18 3 3
github.com/runopsio/hoop/agent/pg/packet.go:35.18,37.3 1 2
github.com/runopsio/hoop/agent/pg/packet.go:38.2,38.12 1 3
github.com/runopsio/hoop/agent/pg/packet.go:41.49,43.2 1 0
github.com/runopsio/hoop/agent/pg/packet.go:46.37,49.2 2 9
github.com/runopsio/hoop/agent/pg/packet.go:52.31,52.62 1 0
github.com/runopsio/hoop/agent/pg/packet.go:54.39,56.2 1 1
github.com/runopsio/hoop/agent/pg/packet.go:58.33,60.2 1 0
github.com/runopsio/hoop/agent/pg/packet.go:62.25,64.2 1 0
github.com/runopsio/hoop/agent/pg/packet.go:66.46,67.23 1 2
github.com/runopsio/hoop/agent/pg/packet.go:67.23,73.3 4 2
github.com/runopsio/hoop/agent/pg/packet.go:74.2,74.14 1 0
github.com/runopsio/hoop/agent/pg/packet.go:77.41,78.22 1 0
github.com/runopsio/hoop/agent/pg/packet.go:78.22,83.3 4 0
github.com/runopsio/hoop/agent/pg/packet.go:84.2,84.14 1 0
github.com/runopsio/hoop/agent/pg/packet.go:87.37,89.2 1 0
github.com/runopsio/hoop/agent/pg/packet.go:91.49,94.2 2 0
github.com/runopsio/hoop/agent/pg/packet.go:96.56,98.16 2 1
github.com/runopsio/hoop/agent/pg/packet.go:98.16,100.3 1 0
github.com/runopsio/hoop/agent/pg/packet.go:101.2,103.16 3 1
github.com/runopsio/hoop/agent/pg/packet.go:103.16,105.3 1 0
github.com/runopsio/hoop/agent/pg/packet.go:106.2,107.49 2 1
github.com/runopsio/hoop/agent/pg/packet.go:107.49,109.3 1 0
github.com/runopsio/hoop/agent/pg/packet.go:110.2,112.16 3 1
github.com/runopsio/hoop/agent/pg/packet.go:112.16,114.3 1 0
github.com/runopsio/hoop/agent/pg/packet.go:115.2,115.26 1 1
github.com/runopsio/hoop/agent/pg/packet.go:118.70,121.16 3 4
github.com/runopsio/hoop/agent/pg/packet.go:121.16,123.3 1 0
github.com/runopsio/hoop/agent/pg/packet.go:124.2,125.49 2 4
github.com/runopsio/hoop/agent/pg/packet.go:125.49,127.3 1 0
github.com/runopsio/hoop/agent/pg/packet.go:128.2,130.16 3 4
github.com/runopsio/hoop/agent/pg/packet.go:130.16,132.3 1 0
github.com/runopsio/hoop/agent/pg/packet.go:133.2,133.26 1 4
github.com/runopsio/hoop/agent/pg/packet.go:136.96,138.16 2 1
github.com/runopsio/hoop/agent/pg/packet.go:138.16,140.3 1 0
github.com/runopsio/hoop/agent/pg/packet.go:142.2,143.30 2 1
github.com/runopsio/hoop/agent/pg/packet.go:143.30,145.3 1 0
github.com/runopsio/hoop/agent/pg/packet.go:146.2,147.18 2 1
github.com/runopsio/hoop/agent/pg/packet.go:147.18,149.3 1 0
github.com/runopsio/hoop/agent/pg/packet.go:150.2,157.44 4 1
github.com/runopsio/hoop/agent/pg/packet.go:160.60,169.2 8 0
github.com/runopsio/hoop/agent/pg/packet.go:171.47,175.2 1 0
github.com/runopsio/hoop/agent/pg/packet.go:177.50,181.2 3 0
github.com/runopsio/hoop/agent/pg/packet.go:183.36,188.2 2 0
github.com/runopsio/hoop/agent/pg/packet.go:190.75,196.36 6 0
github.com/runopsio/hoop/agent/pg/packet.go:196.36,201.3 4 0
github.com/runopsio/hoop/agent/pg/packet.go:202.2,202.44 1 0
github.com/runopsio/hoop/agent/pg/packet.go:206.85,230.2 16 0
github.com/runopsio/hoop/agent/pg/packet.go:232.40,251.2 14 0
github.com/runopsio/hoop/agent/pg/pg.go:50.81,59.2 3 0
github.com/runopsio/hoop/agent/pg/pg.go:61.72,63.2 1 0
github.com/runopsio/hoop/agent/pg/pg.go:65.62,67.16 2 0
github.com/runopsio/hoop/agent/pg/pg.go:67.16,69.3 1 0
github.com/runopsio/hoop/agent/pg/pg.go:70.2,70.45 1 0
github.com/runopsio/hoop/agent/pg/pg.go:70.45,72.23 2 0
github.com/runopsio/hoop/agent/pg/pg.go:72.23,72.55 1 0
github.com/runopsio/hoop/agent/pg/pg.go:73.3,73.29 1 0
github.com/runopsio/hoop/agent/pg/pg.go:73.29,79.53 1 0
github.com/runopsio/hoop/agent/pg/pg.go:79.53,81.5 1 0
github.com/runopsio/hoop/agent/pg/pg.go:84.4,84.14 1 0
github.com/runopsio/hoop/agent/pg/pg.go:87.2,87.49 1 0
github.com/runopsio/hoop/agent/pg/pg.go:87.49,89.3 1 0
github.com/runopsio/hoop/agent/pg/pg.go:91.2,91.51 1 0
github.com/runopsio/hoop/agent/pg/pg.go:91.51,94.3 2 0
github.com/runopsio/hoop/agent/pg/pg.go:95.2,95.12 1 0
github.com/runopsio/hoop/agent/pg/pg.go:98.62,101.12 3 0
github.com/runopsio/hoop/agent/pg/pg.go:101.12,103.7 1 0
github.com/runopsio/hoop/agent/pg/pg.go:103.7,104.11 1 0
github.com/runopsio/hoop/agent/pg/pg.go:105.20,107.15 2 0
github.com/runopsio/hoop/agent/pg/pg.go:108.12,109.63 1 0
github.com/runopsio/hoop/agent/pg/pg.go:109.63,110.23 1 0
github.com/runopsio/hoop/agent/pg/pg.go:110.23,112.7 1 0
github.com/runopsio/hoop/agent/pg/pg.go:113.6,113.16 1 0
github.com/runopsio/hoop/agent/pg/pg.go:117.3,118.77 2 0
github.com/runopsio/hoop/agent/pg/pg.go:120.2,120.10 1 0
github.com/runopsio/hoop/agent/pg/pg.go:123.29,127.12 4 0
github.com/runopsio/hoop/agent/pg/pg.go:127.12,129.7 1 0
github.com/runopsio/hoop/agent/pg/pg.go:129.7,130.11 1 0
github.com/runopsio/hoop/agent/pg/pg.go:131.24,133.15 2 0
github.com/runopsio/hoop/agent/pg/pg.go:134.32,136.62 2 0
github.com/runopsio/hoop/agent/pg/pg.go:136.62,137.23 1 0
github.com/runopsio/hoop/agent/pg/pg.go:137.23,139.7 1 0
github.com/runopsio/hoop/agent/pg/pg.go:140.6,140.16 1 0
github.com/runopsio/hoop/agent/pg/pg.go:144.3,145.66 2 0
github.com/runopsio/hoop/agent/pg/pg.go:147.2,147.10 1 0
github.com/runopsio/hoop/agent/pg/pg.go:150.40,152.2 1 0
github.com/runopsio/hoop/agent/pg/pg.go:154.26,156.2 1 0
github.com/runopsio/hoop/agent/pg/pg.go:159.31,160.25 1 0
github.com/runopsio/hoop/agent/pg/pg.go:160.25,162.3 1 0
github.com/runopsio/hoop/agent/pg/pg.go:163.2,163.16 1 0
github.com/runopsio/hoop/agent/pg/pg.go:163.16,165.3 1 0
github.com/runopsio/hoop/agent/pg/pg.go:166.2,166.12 1 0
github.com/runopsio/hoop/agent/pg/pg.go:170.46,172.2 1 0
github.com/runopsio/hoop/agent/pg/pg.go:175.38,176.25 1 0
github.com/runopsio/hoop/agent/pg/pg.go:176.25,177.10 1 0
github.com/runopsio/hoop/agent/pg/pg.go:178.19,179.93 1 0
github.com/runopsio/hoop/agent/pg/pg.go:180.27,180.27 0 0
github.com/runopsio/hoop/agent/pg/pg.go:181.11,182.49 1 0
github.com/runopsio/hoop/agent/pg/pg.go:184.3,184.13 1 0
github.com/runopsio/hoop/agent/pg/pg.go:186.2,186.16 1 0
github.com/runopsio/hoop/client/backoff/exponential.go:14.44,14.93 1 15
github.com/runopsio/hoop/client/backoff/exponential.go:20.37,20.53 1 15
github.com/runopsio/hoop/client/backoff/exponential.go:25.43,28.6 3 1
github.com/runopsio/hoop/client/backoff/exponential.go:28.6,30.21 2 16
github.com/runopsio/hoop/client/backoff/exponential.go:31.20,34.35 2 15
github.com/runopsio/hoop/client/backoff/exponential.go:34.35,36.5 1 8
github.com/runopsio/hoop/client/backoff/exponential.go:37.4,39.22 3 15
github.com/runopsio/hoop/client/backoff/exponential.go:40.12,40.12 0 0
github.com/runopsio/hoop/client/backoff/exponential.go:41.11,43.14 1 1
github.com/runopsio/hoop/common/memory/memory.go:21.42,25.2 3 50
github.com/runopsio/hoop/common/memory/memory.go:27.33,31.2 3 50
github.com/runopsio/hoop/common/memory/memory.go:33.39,37.2 3 0
github.com/runopsio/hoop/common/memory/memory.go:39.65,43.28 4 50
github.com/runopsio/hoop/common/memory/memory.go:43.28,44.14 1 226
github.com/runopsio/hoop/common/memory/memory.go:44.14,46.4 1 226
github.com/runopsio/hoop/common/memory/memory.go:48.2,48.22 1 50
github.com/runopsio/hoop/common/memory/memory.go:51.37,55.8 4 50
github.com/runopsio/hoop/common/memory/memory.go:55.8,57.3 1 2
github.com/runopsio/hoop/common/memory/memory.go:58.2,58.12 1 48
github.com/runopsio/hoop/common/memory/memory.go:61.37,65.8 4 0
github.com/runopsio/hoop/common/memory/memory.go:65.8,68.3 2 0
github.com/runopsio/hoop/common/memory/memory.go:69.2,69.12 1 0
github.com/runopsio/hoop/common/memory/memory.go:72.18,77.2 1 1
github.com/runopsio/hoop/gateway/indexer/searchquery/qualifier.go:31.60,33.12 2 35
github.com/runopsio/hoop/gateway/indexer/searchquery/qualifier.go:33.12,35.3 1 0
github.com/runopsio/hoop/gateway/indexer/searchquery/qualifier.go:36.2,36.19 1 35
github.com/runopsio/hoop/gateway/indexer/searchquery/qualifier.go:36.19,38.3 1 1
github.com/runopsio/hoop/gateway/indexer/searchquery/qualifier.go:39.2,40.20 2 34
github.com/runopsio/hoop/gateway/indexer/searchquery/qualifier.go:40.20,43.3 2 1
github.com/runopsio/hoop/gateway/indexer/searchquery/qualifier.go:44.2,44.53 1 34
github.com/runopsio/hoop/gateway/indexer/searchquery/qualifier.go:44.53,46.3 1 1
github.com/runopsio/hoop/gateway/indexer/searchquery/qualifier.go:47.2,47.21 1 33
github.com/runopsio/hoop/gateway/indexer/searchquery/qualifier.go:48.24,49.68 1 13
github.com/runopsio/hoop/gateway/indexer/searchquery/qualifier.go:49.68,51.4 1 1
github.com/runopsio/hoop/gateway/indexer/searchquery/qualifier.go:52.3,52.25 1 12
github.com/runopsio/hoop/gateway/indexer/searchquery/qualifier.go:53.29,54.65 1 1
github.com/runopsio/hoop/gateway/indexer/searchquery/qualifier.go:54.65,56.4 1 1
github.com/runopsio/hoop/gateway/indexer/searchquery/qualifier.go:57.3,57.36 1 0
github.com/runopsio/hoop/gateway/indexer/searchquery/qualifier.go:57.36,59.4 1 0
github.com/runopsio/hoop/gateway/indexer/searchquery/qualifier.go:61.2,61.15 1 31
github.com/runopsio/hoop/gateway/indexer/searchquery/qualifier.go:64.31,66.2 1 2
github.com/runopsio/hoop/gateway/indexer/searchquery/qualifier.go:69.76,70.14 1 30
github.com/runopsio/hoop/gateway/indexer/searchquery/qualifier.go:70.14,72.3 1 0
github.com/runopsio/hoop/gateway/indexer/searchquery/qualifier.go:73.2,73.21 1 30
github.com/runopsio/hoop/gateway/indexer/searchquery/qualifier.go:75.47,79.4 1 5
github.com/runopsio/hoop/gateway/indexer/searchquery/qualifier.go:80.52,82.17 2 4
github.com/runopsio/hoop/gateway/indexer/searchquery/qualifier.go:82.17,84.4 1 1
github.com/runopsio/hoop/gateway/indexer/searchquery/qualifier.go:85.3,87.14 3 3
github.com/runopsio/hoop/gateway/indexer/searchquery/qualifier.go:88.61,90.17 2 8
github.com/runopsio/hoop/gateway/indexer/searchquery/qualifier.go:90.17,92.4 1 2
github.com/runopsio/hoop/gateway/indexer/searchquery/qualifier.go:93.3,95.14 3 6
github.com/runopsio/hoop/gateway/indexer/searchquery/qualifier.go:96.29,100.4 1 0
github.com/runopsio/hoop/gateway/indexer/searchquery/qualifier.go:102.2,102.8 1 27
github.com/runopsio/hoop/gateway/indexer/searchquery/qualifier.go:110.74,111.37 1 4
github.com/runopsio/hoop/gateway/indexer/searchquery/qualifier.go:111.37,113.3 1 1
github.com/runopsio/hoop/gateway/indexer/searchquery/qualifier.go:114.2,115.18 2 3
github.com/runopsio/hoop/gateway/indexer/searchquery/qualifier.go:116.11,117.31 1 1
github.com/runopsio/hoop/gateway/indexer/searchquery/qualifier.go:118.11,119.31 1 1
github.com/runopsio/hoop/gateway/indexer/searchquery/qualifier.go:120.10,123.17 3 1
github.com/runopsio/hoop/gateway/indexer/searchquery/qualifier.go:123.17,125.4 1 0
github.com/runopsio/hoop/gateway/indexer/searchquery/qualifier.go:127.2,127.8 1 3
github.com/runopsio/hoop/gateway/indexer/searchquery/qualifier.go:130.47,131.25 1 11
github.com/runopsio/hoop/gateway/indexer/searchquery/qualifier.go:131.25,133.3 1 1
github.com/runopsio/hoop/gateway/indexer/searchquery/qualifier.go:134.2,135.11 2 10
github.com/runopsio/hoop/gateway/indexer/searchquery/qualifier.go:138.29,141.2 2 6
github.com/runopsio/hoop/gateway/indexer/searchquery/qualifier.go:143.75,144.34 1 8
github.com/runopsio/hoop/gateway/indexer/searchquery/qualifier.go:144.34,147.3 2 1
github.com/runopsio/hoop/gateway/indexer/searchquery/qualifier.go:148.2,149.18 2 7
github.com/runopsio/hoop/gateway/indexer/searchquery/qualifier.go:150.11,151.45 1 3
github.com/runopsio/hoop/gateway/indexer/searchquery/qualifier.go:152.11,153.43 1 2
github.com/runopsio/hoop/gateway/indexer/searchquery/qualifier.go:154.11,157.17 3 0
github.com/runopsio/hoop/gateway/indexer/searchquery/qualifier.go:157.17,159.4 1 0
github.com/runopsio/hoop/gateway/indexer/searchquery/qualifier.go:160.3,160.36 1 0
github.com/runopsio/hoop/gateway/indexer/searchquery/qualifier.go:161.10,163.13 2 2
github.com/runopsio/hoop/gateway/indexer/searchquery/qualifier.go:163.13,166.4 2 0
github.com/runopsio/hoop/gateway/indexer/searchquery/qualifier.go:167.3,168.17 2 2
github.com/runopsio/hoop/gateway/indexer/searchquery/qualifier.go:168.17,170.4 1 0
github.com/runopsio/hoop/gateway/indexer/searchquery/qualifier.go:171.3,171.32 1 2
github.com/runopsio/hoop/gateway/indexer/searchquery/qualifier.go:173.2,173.8 1 7
github.com/runopsio/hoop/gateway/indexer/searchquery/qualifier.go:177.51,179.18 1 9
github.com/runopsio/hoop/gateway/indexer/searchquery/qualifier.go:179.18,181.3 1 5
github.com/runopsio/hoop/gateway/indexer/searchquery/qualifier.go:182.2,182.36 1 4
github.com/runopsio/hoop/gateway/indexer/searchquery/qualifier.go:185.39,188.2 2 111
github.com/runopsio/hoop/gateway/indexer/searchquery/query.go:17.66,20.58 3 31
github.com/runopsio/hoop/gateway/indexer/searchquery/query.go:20.58,22.20 2 68
github.com/runopsio/hoop/gateway/indexer/searchquery/query.go:22.20,23.12 1 0
github.com/runopsio/hoop/gateway/indexer/searchquery/query.go:25.3,25.31 1 68
github.com/runopsio/hoop/gateway/indexer/searchquery/query.go:25.31,26.23 1 11
github.com/runopsio/hoop/gateway/indexer/searchquery/query.go:26.23,28.13 2 0
github.com/runopsio/hoop/gateway/indexer/searchquery/query.go:30.4,33.12 4 11
github.com/runopsio/hoop/gateway/indexer/searchquery/query.go:37.3,37.37 1 57
github.com/runopsio/hoop/gateway/indexer/searchquery/query.go:37.37,39.18 2 35
github.com/runopsio/hoop/gateway/indexer/searchquery/query.go:39.18,41.5 1 4
github.com/runopsio/hoop/gateway/indexer/searchquery/query.go:42.4,43.12 2 31
github.com/runopsio/hoop/gateway/indexer/searchquery/query.go:45.3,45.33 1 22
github.com/runopsio/hoop/gateway/indexer/searchquery/query.go:47.2,47.20 1 27
github.com/runopsio/hoop/gateway/indexer/searchquery/query.go:47.20,49.3 1 11
github.com/runopsio/hoop/gateway/indexer/searchquery/query.go:50.2,50.25 1 27
github.com/runopsio/hoop/gateway/indexer/searchquery/query.go:50.25,51.65 1 12
github.com/runopsio/hoop/gateway/indexer/searchquery/query.go:51.65,53.4 1 1
github.com/runopsio/hoop/gateway/indexer/searchquery/query.go:55.2,55.19 1 26
github.com/runopsio/hoop/gateway/indexer/searchquery/query.go:64.52,66.23 2 26
github.com/runopsio/hoop/gateway/indexer/searchquery/query.go:66.23,71.3 1 1
github.com/runopsio/hoop/gateway/indexer/searchquery/query.go:73.2,74.51 2 26
github.com/runopsio/hoop/gateway/indexer/searchquery/query.go:74.51,76.50 2 0
github.com/runopsio/hoop/gateway/indexer/searchquery/query.go:76.50,78.4 1 0
github.com/runopsio/hoop/gateway/indexer/searchquery/query.go:79.3,82.5 1 0
github.com/runopsio/hoop/gateway/indexer/searchquery/query.go:86.2,86.32 1 26
github.com/runopsio/hoop/gateway/indexer/searchquery/query.go:86.32,88.17 2 30
github.com/runopsio/hoop/gateway/indexer/searchquery/query.go:88.17,90.4 1 3
github.com/runopsio/hoop/gateway/indexer/searchquery/query.go:91.3,91.39 1 27
github.com/runopsio/hoop/gateway/indexer/searchquery/query.go:91.39,92.12 1 13
github.com/runopsio/hoop/gateway/indexer/searchquery/query.go:94.3,94.20 1 14
github.com/runopsio/hoop/gateway/indexer/searchquery/query.go:94.20,96.12 2 1
github.com/runopsio/hoop/gateway/indexer/searchquery/query.go:98.3,98.16 1 13
github.com/runopsio/hoop/gateway/indexer/searchquery/query.go:101.2,102.37 2 23
github.com/runopsio/hoop/gateway/indexer/searchquery/query.go:102.37,103.32 1 31
github.com/runopsio/hoop/gateway/indexer/searchquery/query.go:103.32,104.12 1 10
github.com/runopsio/hoop/gateway/indexer/searchquery/query.go:106.3,106.39 1 21
github.com/runopsio/hoop/gateway/indexer/searchquery/query.go:106.39,108.4 1 10
github.com/runopsio/hoop/gateway/indexer/searchquery/query.go:109.3,109.13 1 21
github.com/runopsio/hoop/gateway/indexer/searchquery/query.go:109.13,110.73 1 11
github.com/runopsio/hoop/gateway/indexer/searchquery/query.go:110.73,112.5 1 1
github.com/runopsio/hoop/gateway/indexer/searchquery/query.go:113.4,113.12 1 10
github.com/runopsio/hoop/gateway/indexer/searchquery/query.go:115.3,116.69 2 10
github.com/runopsio/hoop/gateway/indexer/searchquery/query.go:116.69,118.4 1 0
github.com/runopsio/hoop/gateway/indexer/searchquery/query.go:120.2,120.28 1 22
github.com/runopsio/hoop/gateway/indexer/searchquery/query.go:120.28,122.3 1 1
github.com/runopsio/hoop/gateway/indexer/searchquery/query.go:123.2,123.15 1 21
github.com/runopsio/hoop/gateway/indexer/searchquery/query.go:131.110,134.24 3 21
github.com/runopsio/hoop/gateway/indexer/searchquery/query.go:134.24,136.3 1 0
github.com/runopsio/hoop/gateway/indexer/searchquery/query.go:137.2,139.47 3 21
github.com/runopsio/hoop/gateway/indexer/searchquery/query.go:139.47,141.3 1 2
github.com/runopsio/hoop/gateway/indexer/searchquery/query.go:142.2,143.72 2 21
github.com/runopsio/hoop/gateway/indexer/searchquery/query.go:143.72,144.40 1 11
github.com/runopsio/hoop/gateway/indexer/searchquery/query.go:144.40,146.4 1 1
github.com/runopsio/hoop/gateway/indexer/searchquery/query.go:147.3,149.15 3 10
github.com/runopsio/hoop/gateway/indexer/searchquery/query.go:151.2,151.18 1 20
github.com/runopsio/hoop/gateway/indexer/searchquery/query.go:152.24,153.22 1 8
github.com/runopsio/hoop/gateway/indexer/searchquery/query.go:154.23,155.24 1 11
github.com/runopsio/hoop/gateway/indexer/searchquery/query.go:156.24,157.25 1 1
github.com/runopsio/hoop/gateway/indexer/searchquery/query.go:159.2,159.8 1 20
github.com/runopsio/hoop/gateway/indexer/searchquery/query.go:162.41,164.2 1 31
github.com/runopsio/hoop/gateway/indexer/searchquery/query.go:167.48,169.2 1 47
github.com/runopsio/hoop/gateway/indexer/searchquery/query.go:172.51,174.2 1 21
github.com/runopsio/hoop/gateway/indexer/searchquery/query.go:177.57,179.2 1 26
github.com/runopsio/hoop/gateway/indexer/searchquery/query.go:181.65,182.32 1 68
github.com/runopsio/hoop/gateway/indexer/searchquery/query.go:182.32,183.35 1 72
github.com/runopsio/hoop/gateway/indexer/searchquery/query.go:183.35,185.4 1 34
github.com/runopsio/hoop/gateway/indexer/searchquery/query.go:187.2,187.12 1 34
github.com/runopsio/hoop/gateway/indexer/searchquery/query.go:191.64,192.32 1 26
github.com/runopsio/hoop/gateway/indexer/searchquery/query.go:192.32,193.57 1 30
github.com/runopsio/hoop/gateway/indexer/searchquery/query.go:193.57,195.4 1 0
github.com/runopsio/hoop/gateway/indexer/searchquery/query.go:197.2,197.12 1 26
github.com/runopsio/hoop/gateway/runbooks/templates/config.go:24.74,26.21 2 0
github.com/runopsio/hoop/gateway/runbooks/templates/config.go:26.21,28.3 1 0
github.com/runopsio/hoop/gateway/runbooks/templates/config.go:29.2,30.16 2 0
github.com/runopsio/hoop/gateway/runbooks/templates/config.go:30.16,32.3 1 0
github.com/runopsio/hoop/gateway/runbooks/templates/config.go:33.2,38.9 6 0
github.com/runopsio/hoop/gateway/runbooks/templates/config.go:39.23,41.17 2 0
github.com/runopsio/hoop/gateway/runbooks/templates/config.go:41.17,43.4 1 0
github.com/runopsio/hoop/gateway/runbooks/templates/config.go:44.3,45.23 2 0
github.com/runopsio/hoop/gateway/runbooks/templates/config.go:45.23,47.18 2 0
github.com/runopsio/hoop/gateway/runbooks/templates/config.go:47.18,49.5 1 0
github.com/runopsio/hoop/gateway/runbooks/templates/config.go:51.3,52.26 2 0
github.com/runopsio/hoop/gateway/runbooks/templates/config.go:52.26,54.18 2 0
github.com/runopsio/hoop/gateway/runbooks/templates/config.go:54.18,56.5 1 0
github.com/runopsio/hoop/gateway/runbooks/templates/config.go:58.3,59.17 2 0
github.com/runopsio/hoop/gateway/runbooks/templates/config.go:59.17,62.4 2 0
github.com/runopsio/hoop/gateway/runbooks/templates/config.go:63.3,63.51 1 0
github.com/runopsio/hoop/gateway/runbooks/templates/config.go:64.28,66.17 2 0
github.com/runopsio/hoop/gateway/runbooks/templates/config.go:66.17,68.4 1 0
github.com/runopsio/hoop/gateway/runbooks/templates/config.go:69.3,70.23 2 0
github.com/runopsio/hoop/gateway/runbooks/templates/config.go:70.23,72.18 2 0
github.com/runopsio/hoop/gateway/runbooks/templates/config.go:72.18,74.5 1 0
github.com/runopsio/hoop/gateway/runbooks/templates/config.go:76.3,79.9 1 0
github.com/runopsio/hoop/gateway/runbooks/templates/config.go:81.2,81.49 1 0
github.com/runopsio/hoop/gateway/runbooks/templates/config.go:94.35,98.60 4 0
github.com/runopsio/hoop/gateway/runbooks/templates/config.go:98.60,100.17 2 0
github.com/runopsio/hoop/gateway/runbooks/templates/config.go:100.17,102.4 1 0
github.com/runopsio/hoop/gateway/runbooks/templates/config.go:103.3,103.64 1 0
github.com/runopsio/hoop/gateway/runbooks/templates/config.go:105.2,106.16 2 0
github.com/runopsio/hoop/gateway/runbooks/templates/config.go:106.16,108.3 1 0
github.com/runopsio/hoop/gateway/runbooks/templates/config.go:109.2,110.58 2 0
github.com/runopsio/hoop/gateway/runbooks/templates/config.go:110.58,112.3 1 0
github.com/runopsio/hoop/gateway/runbooks/templates/config.go:113.2,115.16 3 0
github.com/runopsio/hoop/gateway/runbooks/templates/config.go:115.16,117.3 1 0
github.com/runopsio/hoop/gateway/runbooks/templates/config.go:118.2,119.44 2 0
github.com/runopsio/hoop/gateway/runbooks/templates/config.go:119.44,120.56 1 0
github.com/runopsio/hoop/gateway/runbooks/templates/config.go:120.56,122.4 1 0
github.com/runopsio/hoop/gateway/runbooks/templates/config.go:124.2,124.32 1 0
github.com/runopsio/hoop/gateway/runbooks/templates/git.go:14.65,16.16 2 0
github.com/runopsio/hoop/gateway/runbooks/templates/git.go:16.16,18.3 1 0
github.com/runopsio/hoop/gateway/runbooks/templates/git.go:20.2,24.16 2 0
github.com/runopsio/hoop/gateway/runbooks/templates/git.go:24.16,26.3 1 0
github.com/runopsio/hoop/gateway/runbooks/templates/git.go:27.2,35.51 2 0
github.com/runopsio/hoop/gateway/runbooks/templates/git.go:35.51,37.3 1 0
github.com/runopsio/hoop/gateway/runbooks/templates/git.go:38.2,39.16 2 0
github.com/runopsio/hoop/gateway/runbooks/templates/git.go:39.16,41.3 1 0
github.com/runopsio/hoop/gateway/runbooks/templates/git.go:42.2,44.51 3 0
github.com/runopsio/hoop/gateway/runbooks/templates/git.go:44.51,45.20 1 0
github.com/runopsio/hoop/gateway/runbooks/templates/git.go:45.20,47.4 1 0
github.com/runopsio/hoop/gateway/runbooks/templates/git.go:50.3,50.47 1 0
github.com/runopsio/hoop/gateway/runbooks/templates/git.go:50.47,52.4 1 0
github.com/runopsio/hoop/gateway/runbooks/templates/git.go:53.3,53.93 1 0
github.com/runopsio/hoop/gateway/runbooks/templates/git.go:53.93,56.4 2 0
github.com/runopsio/hoop/gateway/runbooks/templates/git.go:57.3,58.13 2 0
github.com/runopsio/hoop/gateway/runbooks/templates/git.go:60.2,60.19 1 0
github.com/runopsio/hoop/gateway/runbooks/templates/git.go:60.19,62.3 1 0
github.com/runopsio/hoop/gateway/runbooks/templates/git.go:63.2,63.74 1 0
github.com/runopsio/hoop/gateway/runbooks/templates/template_funcs.go:16.65,19.2 2 0
github.com/runopsio/hoop/gateway/runbooks/templates/template_funcs.go:21.53,23.51 1 15
github.com/runopsio/hoop/gateway/runbooks/templates/template_funcs.go:23.51,24.15 1 1
github.com/runopsio/hoop/gateway/runbooks/templates/template_funcs.go:24.15,26.5 1 1
github.com/runopsio/hoop/gateway/runbooks/templates/template_funcs.go:27.4,27.17 1 0
github.com/runopsio/hoop/gateway/runbooks/templates/template_funcs.go:29.39,30.15 1 1
github.com/runopsio/hoop/gateway/runbooks/templates/template_funcs.go:30.15,32.5 1 1
github.com/runopsio/hoop/gateway/runbooks/templates/template_funcs.go:33.4,33.12 1 0
github.com/runopsio/hoop/gateway/runbooks/templates/template_funcs.go:35.48,37.18 2 2
github.com/runopsio/hoop/gateway/runbooks/templates/template_funcs.go:37.18,39.5 1 0
github.com/runopsio/hoop/gateway/runbooks/templates/template_funcs.go:40.4,40.10 1 2
github.com/runopsio/hoop/gateway/runbooks/templates/template_funcs.go:40.10,42.5 1 1
github.com/runopsio/hoop/gateway/runbooks/templates/template_funcs.go:43.4,43.55 1 1
github.com/runopsio/hoop/gateway/runbooks/templates/template_funcs.go:45.43,45.55 1 0
github.com/runopsio/hoop/gateway/runbooks/templates/template_funcs.go:46.39,47.18 1 0
github.com/runopsio/hoop/gateway/runbooks/templates/template_funcs.go:47.18,49.5 1 0
github.com/runopsio/hoop/gateway/runbooks/templates/template_funcs.go:50.4,50.13 1 0
github.com/runopsio/hoop/gateway/runbooks/templates/template_funcs.go:52.43,52.55 1 0
github.com/runopsio/hoop/gateway/runbooks/templates/template_funcs.go:53.43,53.55 1 0
github.com/runopsio/hoop/gateway/runbooks/templates/template_funcs.go:54.40,54.73 1 1
github.com/runopsio/hoop/gateway/runbooks/templates/template_funcs.go:55.40,55.73 1 1
github.com/runopsio/hoop/gateway/runbooks/templates/template_funcs.go:56.43,56.84 1 0
github.com/runopsio/hoop/gateway/runbooks/templates/template_funcs.go:57.40,57.95 1 1
github.com/runopsio/hoop/gateway/runbooks/templates/template_funcs.go:58.47,61.4 2 1
github.com/runopsio/hoop/gateway/runbooks/templates/templates.go:22.74,24.37 2 9
github.com/runopsio/hoop/gateway/runbooks/templates/templates.go:24.37,25.37 1 12
github.com/runopsio/hoop/gateway/runbooks/templates/templates.go:25.37,27.4 1 1
github.com/runopsio/hoop/gateway/runbooks/templates/templates.go:29.2,29.26 1 9
github.com/runopsio/hoop/gateway/runbooks/templates/templates.go:29.26,31.3 1 1
github.com/runopsio/hoop/gateway/runbooks/templates/templates.go:32.2,32.39 1 8
github.com/runopsio/hoop/gateway/runbooks/templates/templates.go:35.48,37.2 1 5
github.com/runopsio/hoop/gateway/runbooks/templates/templates.go:39.48,41.2 1 0
github.com/runopsio/hoop/gateway/runbooks/templates/templates.go:43.44,51.16 5 15
github.com/runopsio/hoop/gateway/runbooks/templates/templates.go:51.16,53.3 1 1
github.com/runopsio/hoop/gateway/runbooks/templates/templates.go:54.2,55.82 2 14
github.com/runopsio/hoop/gateway/runbooks/templates/templates.go:55.82,57.3 1 0
github.com/runopsio/hoop/gateway/runbooks/templates/templates.go:59.2,59.15 1 14
github.com/runopsio/hoop/gateway/runbooks/templates/templates.go:62.72,63.37 1 54
github.com/runopsio/hoop/gateway/runbooks/templates/templates.go:63.37,65.25 2 19
github.com/runopsio/hoop/gateway/runbooks/templates/templates.go:65.25,67.4 1 0
github.com/runopsio/hoop/gateway/runbooks/templates/templates.go:68.3,70.44 3 19
github.com/runopsio/hoop/gateway/runbooks/templates/templates.go:72.2,72.42 1 54
github.com/runopsio/hoop/gateway/runbooks/templates/templates.go:72.42,73.30 1 14
github.com/runopsio/hoop/gateway/runbooks/templates/templates.go:73.30,74.57 1 40
github.com/runopsio/hoop/gateway/runbooks/templates/templates.go:74.57,76.5 1 0
github.com/runopsio/hoop/gateway/runbooks/templates/templates.go:79.2,79.12 1 54
github.com/runopsio/hoop/gateway/runbooks/templates/templates.go:84.44,95.32 5 19
github.com/runopsio/hoop/gateway/runbooks/templates/templates.go:95.32,99.29 4 35
github.com/runopsio/hoop/gateway/runbooks/templates/templates.go:99.29,103.4 2 12
github.com/runopsio/hoop/gateway/runbooks/templates/templates.go:104.3,104.17 1 35
github.com/runopsio/hoop/gateway/runbooks/templates/templates.go:105.15,106.42 1 2
github.com/runopsio/hoop/gateway/runbooks/templates/templates.go:106.42,107.21 1 14
github.com/runopsio/hoop/gateway/runbooks/templates/templates.go:107.21,109.11 2 2
github.com/runopsio/hoop/gateway/runbooks/templates/templates.go:112.19,113.24 1 2
github.com/runopsio/hoop/gateway/runbooks/templates/templates.go:114.48,115.25 1 4
github.com/runopsio/hoop/gateway/runbooks/templates/templates.go:116.18,117.45 1 1
github.com/runopsio/hoop/gateway/runbooks/templates/templates.go:118.16,119.25 1 1
github.com/runopsio/hoop/gateway/runbooks/templates/templates.go:122.2,122.14 1 19
github.com/runopsio/hoop/gateway/runbooks/templates/templates.go:126.42,130.2 3 2
github.com/runopsio/hoop/gateway/runbooks/templates/templates.go:132.63,134.47 2 0
github.com/runopsio/hoop/gateway/runbooks/templates/templates.go:134.47,135.25 1 0
github.com/runopsio/hoop/gateway/runbooks/templates/templates.go:135.25,137.4 1 0
github.com/runopsio/hoop/gateway/runbooks/templates/templates.go:138.3,138.13 1 0
github.com/runopsio/hoop/gateway/runbooks/templates/templates.go:140.2,140.16 1 0
github.com/runopsio/hoop/gateway/runbooks/templates/templates.go:143.47,145.16 2 0
github.com/runopsio/hoop/gateway/runbooks/templates/templates.go:145.16,147.3 1 0
github.com/runopsio/hoop/gateway/runbooks/templates/templates.go:148.2,148.27 1 0
github.com/runopsio/hoop/gateway/storagev2/clientstate/clientstate.go:19.76,21.16 2 3
github.com/runopsio/hoop/gateway/storagev2/clientstate/clientstate.go:21.16,23.3 1 1
github.com/runopsio/hoop/gateway/storagev2/clientstate/clientstate.go:24.2,24.17 1 2
github.com/runopsio/hoop/gateway/storagev2/clientstate/clientstate.go:24.17,26.3 1 1
github.com/runopsio/hoop/gateway/storagev2/clientstate/clientstate.go:27.2,28.40 2 1
github.com/runopsio/hoop/gateway/storagev2/clientstate/clientstate.go:32.108,33.39 1 0
github.com/runopsio/hoop/gateway/storagev2/clientstate/clientstate.go:33.39,35.3 1 0
github.com/runopsio/hoop/gateway/storagev2/clientstate/clientstate.go:36.2,37.16 2 0
github.com/runopsio/hoop/gateway/storagev2/clientstate/clientstate.go:37.16,39.3 1 0
github.com/runopsio/hoop/gateway/storagev2/clientstate/clientstate.go:40.2,41.16 2 0
github.com/runopsio/hoop/gateway/storagev2/clientstate/clientstate.go:41.16,43.3 1 0
github.com/runopsio/hoop/gateway/storagev2/clientstate/clientstate.go:46.2,46.53 1 0
github.com/runopsio/hoop/gateway/storagev2/clientstate/clientstate.go:46.53,52.3 1 0
github.com/runopsio/hoop/gateway/storagev2/clientstate/clientstate.go:54.2,55.19 2 0
github.com/runopsio/hoop/gateway/storagev2/clientstate/clientstate.go:55.19,56.35 1 0
github.com/runopsio/hoop/gateway/storagev2/clientstate/clientstate.go:56.35,58.4 1 0
github.com/runopsio/hoop/gateway/storagev2/clientstate/clientstate.go:59.3,59.28 1 0
github.com/runopsio/hoop/gateway/storagev2/clientstate/clientstate.go:59.28,60.19 1 0
github.com/runopsio/hoop/gateway/storagev2/clientstate/clientstate.go:61.22,62.40 1 0
github.com/runopsio/hoop/gateway/storagev2/clientstate/clientstate.go:63.16,64.30 1 0
github.com/runopsio/hoop/gateway/storagev2/clientstate/clientstate.go:65.27,67.34 2 0
github.com/runopsio/hoop/gateway/storagev2/clientstate/clientstate.go:68.12,69.42 1 0
github.com/runopsio/hoop/gateway/storagev2/clientstate/clientstate.go:74.2,74.43 1 0
github.com/runopsio/hoop/gateway/storagev2/clientstate/clientstate.go:74.43,75.63 1 0
github.com/runopsio/hoop/gateway/storagev2/clientstate/clientstate.go:75.63,77.4 1 0
github.com/runopsio/hoop/gateway/storagev2/clientstate/clientstate.go:80.2,81.17 2 0
github.com/runopsio/hoop/gateway/storagev2/clientstate/clientstate.go:84.38,84.72 1 0
github.com/runopsio/hoop/gateway/storagev2/clientstate/clientstate.go:85.83,91.2 1 0
github.com/runopsio/hoop/gateway/transport/agent.go:37.67,41.36 3 0
github.com/runopsio/hoop/gateway/transport/agent.go:41.36,42.50 1 0
github.com/runopsio/hoop/gateway/transport/agent.go:42.50,44.4 1 0
github.com/runopsio/hoop/gateway/transport/agent.go:45.3,45.9 1 0
github.com/runopsio/hoop/gateway/transport/agent.go:47.2,47.29 1 0
github.com/runopsio/hoop/gateway/transport/agent.go:50.34,54.36 3 0
github.com/runopsio/hoop/gateway/transport/agent.go:54.36,55.50 1 0
github.com/runopsio/hoop/gateway/transport/agent.go:55.50,57.4 1 0
github.com/runopsio/hoop/gateway/transport/agent.go:58.3,58.9 1 0
github.com/runopsio/hoop/gateway/transport/agent.go:60.2,60.28 1 0
github.com/runopsio/hoop/gateway/transport/agent.go:64.42,64.83 1 0
github.com/runopsio/hoop/gateway/transport/agent.go:65.59,69.2 3 0
github.com/runopsio/hoop/gateway/transport/agent.go:71.63,79.2 7 0
github.com/runopsio/hoop/gateway/transport/agent.go:81.71,83.43 2 0
github.com/runopsio/hoop/gateway/transport/agent.go:83.43,87.3 3 0
github.com/runopsio/hoop/gateway/transport/agent.go:88.2,89.33 2 0
github.com/runopsio/hoop/gateway/transport/agent.go:92.93,96.16 4 0
github.com/runopsio/hoop/gateway/transport/agent.go:96.16,100.3 3 0
github.com/runopsio/hoop/gateway/transport/agent.go:101.2,101.9 1 0
github.com/runopsio/hoop/gateway/transport/agent.go:102.18,104.75 2 0
github.com/runopsio/hoop/gateway/transport/agent.go:105.24,108.72 3 0
github.com/runopsio/hoop/gateway/transport/agent.go:111.2,115.9 4 0
github.com/runopsio/hoop/gateway/transport/agent.go:116.28,118.86 2 0
github.com/runopsio/hoop/gateway/transport/agent.go:119.29,120.82 1 0
github.com/runopsio/hoop/gateway/transport/agent.go:122.2,122.19 1 0
github.com/runopsio/hoop/gateway/transport/agent.go:122.19,127.3 3 0
github.com/runopsio/hoop/gateway/transport/agent.go:129.2,142.32 7 0
github.com/runopsio/hoop/gateway/transport/agent.go:142.32,156.3 1 0
github.com/runopsio/hoop/gateway/transport/agent.go:157.2,163.69 4 0
github.com/runopsio/hoop/gateway/transport/agent.go:163.69,166.3 2 0
github.com/runopsio/hoop/gateway/transport/agent.go:167.2,169.21 3 0
github.com/runopsio/hoop/gateway/transport/agent.go:169.21,171.3 1 0
github.com/runopsio/hoop/gateway/transport/agent.go:172.2,173.17 2 0
github.com/runopsio/hoop/gateway/transport/agent.go:176.88,181.29 4 0
github.com/runopsio/hoop/gateway/transport/agent.go:181.29,185.3 3 0
github.com/runopsio/hoop/gateway/transport/agent.go:186.2,191.16 5 0
github.com/runopsio/hoop/gateway/transport/agent.go:191.16,195.3 3 0
github.com/runopsio/hoop/gateway/transport/agent.go:197.2,207.32 6 0
github.com/runopsio/hoop/gateway/transport/agent.go:207.32,221.3 1 0
github.com/runopsio/hoop/gateway/transport/agent.go:222.2,228.67 4 0
github.com/runopsio/hoop/gateway/transport/agent.go:228.67,233.3 4 0
github.com/runopsio/hoop/gateway/transport/agent.go:234.2,236.17 3 0
github.com/runopsio/hoop/gateway/transport/agent.go:239.123,242.6 2 0
github.com/runopsio/hoop/gateway/transport/agent.go:242.6,243.10 1 0
github.com/runopsio/hoop/gateway/transport/agent.go:244.21,245.20 1 0
github.com/runopsio/hoop/gateway/transport/agent.go:246.11,246.11 0 0
github.com/runopsio/hoop/gateway/transport/agent.go:250.3,251.17 2 0
github.com/runopsio/hoop/gateway/transport/agent.go:251.17,252.21 1 0
github.com/runopsio/hoop/gateway/transport/agent.go:252.21,254.5 1 0
github.com/runopsio/hoop/gateway/transport/agent.go:255.4,255.82 1 0
github.com/runopsio/hoop/gateway/transport/agent.go:255.82,259.5 2 0
github.com/runopsio/hoop/gateway/transport/agent.go:260.4,262.14 3 0
github.com/runopsio/hoop/gateway/transport/agent.go:264.3,264.65 1 0
github.com/runopsio/hoop/gateway/transport/agent.go:264.65,265.12 1 0
github.com/runopsio/hoop/gateway/transport/agent.go:267.3,273.58 6 0
github.com/runopsio/hoop/gateway/transport/agent.go:273.58,278.4 4 0
github.com/runopsio/hoop/gateway/transport/agent.go:280.3,280.55 1 0
github.com/runopsio/hoop/gateway/transport/agent.go:280.55,281.74 1 0
github.com/runopsio/hoop/gateway/transport/agent.go:281.74,283.29 2 0
github.com/runopsio/hoop/gateway/transport/agent.go:283.29,285.6 1 0
github.com/runopsio/hoop/gateway/transport/agent.go:286.5,289.47 3 0
github.com/runopsio/hoop/gateway/transport/agent.go:292.3,292.70 1 0
github.com/runopsio/hoop/gateway/transport/agent.go:292.70,294.4 1 0
github.com/runopsio/hoop/gateway/transport/agent.go:298.94,300.2 1 0
[...]
github.com/runopsio/hoop/gateway/transport/dispatchers.go:46.54,50.9 4 7
github.com/runopsio/hoop/gateway/transport/dispatchers.go:50.9,52.3 1 4
github.com/runopsio/hoop/gateway/transport/dispatchers.go:53.2,53.12 1 3
github.com/runopsio/hoop/gateway/transport/dispatchers.go:56.40,60.2 3 1
github.com/runopsio/hoop/gateway/transport/dispatchers.go:65.67,66.9 1 0
github.com/runopsio/hoop/gateway/transport/dispatchers.go:67.53,67.53 0 0
github.com/runopsio/hoop/gateway/transport/dispatchers.go:68.37,69.64 1 0
github.com/runopsio/hoop/gateway/transport/dispatchers.go:77.65,79.18 2 3
github.com/runopsio/hoop/gateway/transport/dispatchers.go:79.18,81.3 1 1
github.com/runopsio/hoop/gateway/transport/dispatchers.go:83.2,83.9 1 2
github.com/runopsio/hoop/gateway/transport/dispatchers.go:84.30,84.30 0 1
github.com/runopsio/hoop/gateway/transport/dispatchers.go:85.44,90.32 3 1
github.com/runopsio/hoop/gateway/transport/dispatchers.go:94.2,94.9 1 1
github.com/runopsio/hoop/gateway/transport/dispatchers.go:95.34,96.28 1 1
github.com/runopsio/hoop/gateway/transport/dispatchers.go:97.38,98.68 1 0
github.com/runopsio/hoop/gateway/transport/dispatchers.go:104.50,106.18 2 2
github.com/runopsio/hoop/gateway/transport/dispatchers.go:106.18,108.3 1 1
github.com/runopsio/hoop/gateway/transport/dispatchers.go:109.2,111.12 3 1
github.com/runopsio/hoop/gateway/transport/proxymanager.go:35.86,42.16 5 0
github.com/runopsio/hoop/gateway/transport/proxymanager.go:42.16,45.3 2 0
github.com/runopsio/hoop/gateway/transport/proxymanager.go:47.2,48.39 2 0
github.com/runopsio/hoop/gateway/transport/proxymanager.go:48.39,50.3 1 0
github.com/runopsio/hoop/gateway/transport/proxymanager.go:51.2,51.86 1 0
github.com/runopsio/hoop/gateway/transport/proxymanager.go:51.86,53.3 1 0
github.com/runopsio/hoop/gateway/transport/proxymanager.go:54.2,63.80 5 0
github.com/runopsio/hoop/gateway/transport/proxymanager.go:63.80,65.3 1 0
github.com/runopsio/hoop/gateway/transport/proxymanager.go:66.2,66.15 1 0
github.com/runopsio/hoop/gateway/transport/proxymanager.go:66.15,70.23 4 0
github.com/runopsio/hoop/gateway/transport/proxymanager.go:70.23,72.4 1 0
github.com/runopsio/hoop/gateway/transport/proxymanager.go:74.2,74.25 1 0
github.com/runopsio/hoop/gateway/transport/proxymanager.go:75.34,76.25 1 0
github.com/runopsio/hoop/gateway/transport/proxymanager.go:76.25,79.4 2 0
github.com/runopsio/hoop/gateway/transport/proxymanager.go:80.3,80.52 1 0
github.com/runopsio/hoop/gateway/transport/proxymanager.go:82.2,82.12 1 0
github.com/runopsio/hoop/gateway/transport/proxymanager.go:85.128,89.6 4 0
github.com/runopsio/hoop/gateway/transport/proxymanager.go:89.6,91.10 2 0
github.com/runopsio/hoop/gateway/transport/proxymanager.go:92.27,93.56 1 0
github.com/runopsio/hoop/gateway/transport/proxymanager.go:94.27,94.27 0 0
github.com/runopsio/hoop/gateway/transport/proxymanager.go:97.3,98.25 2 0
github.com/runopsio/hoop/gateway/transport/proxymanager.go:98.25,99.29 1 0
github.com/runopsio/hoop/gateway/transport/proxymanager.go:99.29,102.5 1 0
github.com/runopsio/hoop/gateway/transport/proxymanager.go:103.4,103.90 1 0
github.com/runopsio/hoop/gateway/transport/proxymanager.go:103.90,105.5 1 0
github.com/runopsio/hoop/gateway/transport/proxymanager.go:106.4,107.90 2 0
github.com/runopsio/hoop/gateway/transport/proxymanager.go:110.3,110.22 1 0
github.com/runopsio/hoop/gateway/transport/proxymanager.go:110.22,112.4 1 0
github.com/runopsio/hoop/gateway/transport/proxymanager.go:114.3,116.19 2 0
github.com/runopsio/hoop/gateway/transport/proxymanager.go:117.28,117.28 0 0
github.com/runopsio/hoop/gateway/transport/proxymanager.go:118.43,127.18 3 0
github.com/runopsio/hoop/gateway/transport/proxymanager.go:127.18,130.5 2 0
github.com/runopsio/hoop/gateway/transport/proxymanager.go:131.4,135.11 4 0
github.com/runopsio/hoop/gateway/transport/proxymanager.go:136.28,137.61 1 0
github.com/runopsio/hoop/gateway/transport/proxymanager.go:138.33,141.19 3 0
github.com/runopsio/hoop/gateway/transport/proxymanager.go:141.19,145.6 3 0
github.com/runopsio/hoop/gateway/transport/proxymanager.go:146.5,146.20 1 0
github.com/runopsio/hoop/gateway/transport/proxymanager.go:146.20,149.6 2 0
github.com/runopsio/hoop/gateway/transport/proxymanager.go:150.5,173.43 3 0
github.com/runopsio/hoop/gateway/transport/proxymanager.go:173.43,179.6 4 0
github.com/runopsio/hoop/gateway/transport/proxymanager.go:181.5,181.74 1 0
github.com/runopsio/hoop/gateway/transport/proxymanager.go:181.74,183.63 2 0
github.com/runopsio/hoop/gateway/transport/proxymanager.go:183.63,190.7 1 0
github.com/runopsio/hoop/gateway/transport/proxymanager.go:191.6,191.41 1 0
github.com/runopsio/hoop/gateway/transport/proxymanager.go:195.5,197.19 3 0
github.com/runopsio/hoop/gateway/transport/proxymanager.go:197.19,200.6 2 0
github.com/runopsio/hoop/gateway/transport/proxymanager.go:202.5,225.19 5 0
github.com/runopsio/hoop/gateway/transport/proxymanager.go:225.19,228.6 2 0
github.com/runopsio/hoop/gateway/transport/proxymanager.go:229.5,229.31 1 0
github.com/runopsio/hoop/gateway/transport/proxymanager.go:229.31,230.40 1 0
github.com/runopsio/hoop/gateway/transport/proxymanager.go:230.40,232.7 1 0
github.com/runopsio/hoop/gateway/transport/proxymanager.go:233.6,233.91 1 0
github.com/runopsio/hoop/gateway/transport/proxymanager.go:233.91,236.15 3 0
github.com/runopsio/hoop/gateway/transport/proxymanager.go:240.5,242.19 3 0
github.com/runopsio/hoop/gateway/transport/proxymanager.go:242.19,244.6 1 0
github.com/runopsio/hoop/gateway/transport/proxymanager.go:245.5,245.73 1 0
github.com/runopsio/hoop/gateway/transport/proxymanager.go:246.38,247.56 1 0
github.com/runopsio/hoop/gateway/transport/proxymanager.go:249.11,251.18 2 0
github.com/runopsio/hoop/gateway/transport/proxymanager.go:251.18,253.5 1 0
github.com/runopsio/hoop/gateway/transport/proxymanager.go:254.4,254.30 1 0
github.com/runopsio/hoop/gateway/transport/proxymanager.go:254.30,255.39 1 0
github.com/runopsio/hoop/gateway/transport/proxymanager.go:255.39,257.6 1 0
github.com/runopsio/hoop/gateway/transport/proxymanager.go:258.5,258.90 1 0
github.com/runopsio/hoop/gateway/transport/proxymanager.go:258.90,260.14 2 0
github.com/runopsio/hoop/gateway/transport/proxymanager.go:263.4,264.26 2 0
github.com/runopsio/hoop/gateway/transport/proxymanager.go:264.26,266.5 1 0
github.com/runopsio/hoop/gateway/transport/proxymanager.go:267.4,267.29 1 0
github.com/runopsio/hoop/gateway/transport/proxymanager.go:272.61,280.2 1 0
github.com/runopsio/hoop/gateway/transport/server.go:73.52,77.41 4 0
github.com/runopsio/hoop/gateway/transport/server.go:77.41,79.3 1 0
github.com/runopsio/hoop/gateway/transport/server.go:80.2,81.16 2 0
github.com/runopsio/hoop/gateway/transport/server.go:81.16,83.3 1 0
github.com/runopsio/hoop/gateway/transport/server.go:84.2,85.16 2 0
github.com/runopsio/hoop/gateway/transport/server.go:85.16,87.3 1 0
github.com/runopsio/hoop/gateway/transport/server.go:88.2,89.16 2 0
github.com/runopsio/hoop/gateway/transport/server.go:89.16,91.3 1 0
github.com/runopsio/hoop/gateway/transport/server.go:92.2,93.20 2 0
github.com/runopsio/hoop/gateway/transport/server.go:93.20,95.17 2 0
github.com/runopsio/hoop/gateway/transport/server.go:95.17,97.4 1 0
github.com/runopsio/hoop/gateway/transport/server.go:98.3,99.46 2 0
github.com/runopsio/hoop/gateway/transport/server.go:99.46,101.4 1 0
github.com/runopsio/hoop/gateway/transport/server.go:103.2,106.8 1 0
github.com/runopsio/hoop/gateway/transport/server.go:109.35,112.16 3 0
github.com/runopsio/hoop/gateway/transport/server.go:112.16,115.3 2 0
github.com/runopsio/hoop/gateway/transport/server.go:117.2,117.50 1 0
github.com/runopsio/hoop/gateway/transport/server.go:117.50,120.3 2 0
github.com/runopsio/hoop/gateway/transport/server.go:122.2,123.16 2 0
github.com/runopsio/hoop/gateway/transport/server.go:123.16,126.3 2 0
github.com/runopsio/hoop/gateway/transport/server.go:127.2,128.22 2 0
github.com/runopsio/hoop/gateway/transport/server.go:128.22,131.3 2 0
github.com/runopsio/hoop/gateway/transport/server.go:132.2,132.23 1 0
github.com/runopsio/hoop/gateway/transport/server.go:132.23,134.3 1 0
github.com/runopsio/hoop/gateway/transport/server.go:135.2,138.51 4 0
github.com/runopsio/hoop/gateway/transport/server.go:138.51,141.3 2 0
github.com/runopsio/hoop/gateway/transport/server.go:144.67,149.17 5 0
github.com/runopsio/hoop/gateway/transport/server.go:149.17,153.3 3 0
github.com/runopsio/hoop/gateway/transport/server.go:155.2,157.32 2 0
github.com/runopsio/hoop/gateway/transport/server.go:157.32,159.41 2 0
github.com/runopsio/hoop/gateway/transport/server.go:159.41,161.4 1 0
github.com/runopsio/hoop/gateway/transport/server.go:162.8,164.18 2 0
github.com/runopsio/hoop/gateway/transport/server.go:164.18,167.4 2 0
github.com/runopsio/hoop/gateway/transport/server.go:169.3,171.79 3 0
github.com/runopsio/hoop/gateway/transport/server.go:171.79,174.4 2 0
github.com/runopsio/hoop/gateway/transport/server.go:176.3,176.24 1 0
github.com/runopsio/hoop/gateway/transport/server.go:179.2,179.16 1 0
github.com/runopsio/hoop/gateway/transport/server.go:180.32,183.64 1 0
github.com/runopsio/hoop/gateway/transport/server.go:183.64,185.4 1 0
github.com/runopsio/hoop/gateway/transport/server.go:186.3,186.41 1 0
github.com/runopsio/hoop/gateway/transport/server.go:187.45,188.39 1 0
github.com/runopsio/hoop/gateway/transport/server.go:190.2,190.41 1 0
github.com/runopsio/hoop/gateway/transport/server.go:193.48,195.34 2 0
github.com/runopsio/hoop/gateway/transport/server.go:195.34,197.3 1 0
github.com/runopsio/hoop/gateway/transport/server.go:198.2,198.76 1 0
github.com/runopsio/hoop/gateway/transport/server.go:198.76,200.3 1 0
github.com/runopsio/hoop/gateway/transport/server.go:201.2,201.12 1 0
github.com/runopsio/hoop/gateway/transport/server.go:204.73,206.16 2 0
github.com/runopsio/hoop/gateway/transport/server.go:206.16,208.19 2 0
github.com/runopsio/hoop/gateway/transport/server.go:208.19,210.4 1 0
github.com/runopsio/hoop/gateway/transport/server.go:211.3,211.14 1 0
github.com/runopsio/hoop/gateway/transport/server.go:214.2,215.16 2 0
github.com/runopsio/hoop/gateway/transport/server.go:215.16,218.3 2 0
github.com/runopsio/hoop/gateway/transport/server.go:219.2,225.21 2 0
github.com/runopsio/hoop/gateway/transport/server.go:225.21,227.3 1 0
github.com/runopsio/hoop/gateway/transport/server.go:230.60,232.2 1 0
github.com/runopsio/hoop/gateway/transport/server.go:234.43,241.12 3 0
github.com/runopsio/hoop/gateway/transport/server.go:241.12,245.35 4 0
github.com/runopsio/hoop/gateway/transport/server.go:245.35,246.31 1 0
github.com/runopsio/hoop/gateway/transport/server.go:246.31,248.5 1 0
github.com/runopsio/hoop/gateway/transport/server.go:248.10,250.5 1 0
github.com/runopsio/hoop/gateway/transport/server.go:252.3,252.15 1 0
github.com/runopsio/hoop/gateway/transport/server.go:257.57,262.40 4 0
github.com/runopsio/hoop/gateway/transport/server.go:262.40,264.3 1 0
github.com/runopsio/hoop/gateway/transport/server.go:265.2,267.12 3 0
github.com/runopsio/hoop/gateway/transport/server.go:267.12,270.59 2 0
github.com/runopsio/hoop/gateway/transport/server.go:270.59,271.11 1 0
github.com/runopsio/hoop/gateway/transport/server.go:272.57,272.57 0 0
github.com/runopsio/hoop/gateway/transport/server.go:273.46,274.72 1 0
github.com/runopsio/hoop/gateway/transport/server.go:278.4,278.11 1 0
github.com/runopsio/hoop/gateway/transport/server.go:279.24,279.24 0 0
github.com/runopsio/hoop/gateway/transport/server.go:280.46,281.89 1 0
github.com/runopsio/hoop/gateway/transport/server.go:287.3,289.54 3 0
github.com/runopsio/hoop/gateway/transport/server.go:291.2,291.12 1 0
github.com/runopsio/hoop/gateway/transport/server.go:296.105,302.12 6 0
github.com/runopsio/hoop/gateway/transport/server.go:302.12,303.23 1 0
github.com/runopsio/hoop/gateway/transport/server.go:304.33,309.21 4 0
github.com/runopsio/hoop/gateway/transport/server.go:310.11,313.11 2 0
github.com/runopsio/hoop/gateway/transport/server.go:314.31,316.22 2 0
github.com/runopsio/hoop/gateway/transport/server.go:317.38,319.46 2 0
github.com/runopsio/hoop/gateway/transport/server.go:327.58,331.9 4 0
github.com/runopsio/hoop/gateway/transport/server.go:331.9,333.3 1 0
github.com/runopsio/hoop/gateway/transport/server.go:334.2,334.16 1 0
github.com/runopsio/hoop/gateway/transport/server.go:334.16,335.10 1 0
github.com/runopsio/hoop/gateway/transport/server.go:336.28,336.28 0 0
github.com/runopsio/hoop/gateway/transport/server.go:337.45,338.80 1 0
github.com/runopsio/hoop/gateway/transport/server.go:341.2,341.35 1 0
github.com/runopsio/hoop/gateway/transport/server.go:345.55,348.2 2 0
github.com/runopsio/hoop/gateway/transport/server.go:350.52,352.20 2 0
github.com/runopsio/hoop/gateway/transport/server.go:352.20,357.21 2 0
github.com/runopsio/hoop/gateway/transport/server.go:357.21,359.4 1 0
github.com/runopsio/hoop/gateway/transport/server.go:361.2,361.16 1 0
github.com/runopsio/hoop/gateway/transport/stream.go:27.103,29.12 2 0
github.com/runopsio/hoop/gateway/transport/stream.go:29.12,31.7 2 0
github.com/runopsio/hoop/gateway/transport/stream.go:31.7,33.11 2 0
github.com/runopsio/hoop/gateway/transport/stream.go:34.37,35.19 1 0
github.com/runopsio/hoop/gateway/transport/stream.go:35.19,36.14 1 0
github.com/runopsio/hoop/gateway/transport/stream.go:38.39,40.19 2 0
github.com/runopsio/hoop/gateway/transport/stream.go:40.19,42.6 1 0
github.com/runopsio/hoop/gateway/transport/stream.go:43.5,44.15 2 0
github.com/runopsio/hoop/gateway/transport/stream.go:46.4,46.9 1 0
github.com/runopsio/hoop/gateway/transport/stream.go:49.2,49.11 1 0
github.com/runopsio/hoop/gateway/transport/plugins/dcm/dcm.go:18.54,18.91 1 0
github.com/runopsio/hoop/gateway/transport/plugins/dcm/dcm.go:19.54,19.113 1 0
github.com/runopsio/hoop/gateway/transport/plugins/dcm/dcm.go:20.54,20.68 1 0
github.com/runopsio/hoop/gateway/transport/plugins/dcm/dcm.go:21.54,21.68 1 0
github.com/runopsio/hoop/gateway/transport/plugins/dcm/dcm.go:22.54,22.68 1 0
github.com/runopsio/hoop/gateway/transport/plugins/dcm/dcm.go:23.105,24.37 1 0
github.com/runopsio/hoop/gateway/transport/plugins/dcm/dcm.go:24.37,26.3 1 0
github.com/runopsio/hoop/gateway/transport/plugins/dcm/dcm.go:27.2,28.16 2 0
github.com/runopsio/hoop/gateway/transport/plugins/dcm/dcm.go:28.16,30.3 1 0
github.com/runopsio/hoop/gateway/transport/plugins/dcm/dcm.go:31.2,32.16 2 0
github.com/runopsio/hoop/gateway/transport/plugins/dcm/dcm.go:32.16,34.3 1 0
github.com/runopsio/hoop/gateway/transport/plugins/dcm/dcm.go:35.2,35.29 1 0
github.com/runopsio/hoop/gateway/transport/plugins/dcm/dcm.go:35.29,37.3 1 0
github.com/runopsio/hoop/gateway/transport/plugins/dcm/dcm.go:38.2,39.16 2 0
github.com/runopsio/hoop/gateway/transport/plugins/dcm/dcm.go:39.16,41.3 1 0
github.com/runopsio/hoop/gateway/transport/plugins/dcm/dcm.go:42.2,51.16 2 0
github.com/runopsio/hoop/gateway/transport/plugins/dcm/dcm.go:51.16,53.3 1 0
github.com/runopsio/hoop/gateway/transport/plugins/dcm/dcm.go:54.2,55.17 2 0
github.com/runopsio/hoop/gateway/transport/plugins/dcm/dcm.go:57.66,57.80 1 0
github.com/runopsio/hoop/gateway/transport/plugins/dcm/dcm.go:58.67,58.68 0 0
github.com/runopsio/hoop/gateway/transport/plugins/dcm/policy.go:41.83,43.31 2 12
github.com/runopsio/hoop/gateway/transport/plugins/dcm/policy.go:43.31,45.3 1 1
github.com/runopsio/hoop/gateway/transport/plugins/dcm/policy.go:47.2,48.16 2 11
github.com/runopsio/hoop/gateway/transport/plugins/dcm/policy.go:48.16,50.3 1 0
github.com/runopsio/hoop/gateway/transport/plugins/dcm/policy.go:51.2,53.16 3 11
github.com/runopsio/hoop/gateway/transport/plugins/dcm/policy.go:53.16,55.3 1 1
github.com/runopsio/hoop/gateway/transport/plugins/dcm/policy.go:57.2,58.35 2 10
github.com/runopsio/hoop/gateway/transport/plugins/dcm/policy.go:58.35,59.38 1 11
github.com/runopsio/hoop/gateway/transport/plugins/dcm/policy.go:59.38,61.4 1 1
github.com/runopsio/hoop/gateway/transport/plugins/dcm/policy.go:62.3,62.27 1 10
github.com/runopsio/hoop/gateway/transport/plugins/dcm/policy.go:64.2,65.38 2 9
github.com/runopsio/hoop/gateway/transport/plugins/dcm/policy.go:65.38,66.58 1 9
github.com/runopsio/hoop/gateway/transport/plugins/dcm/policy.go:66.58,69.10 3 9
github.com/runopsio/hoop/gateway/transport/plugins/dcm/policy.go:69.10,70.60 1 8
github.com/runopsio/hoop/gateway/transport/plugins/dcm/policy.go:70.60,72.6 1 6
github.com/runopsio/hoop/gateway/transport/plugins/dcm/policy.go:74.5,75.19 2 2
github.com/runopsio/hoop/gateway/transport/plugins/dcm/policy.go:75.19,77.6 1 1
github.com/runopsio/hoop/gateway/transport/plugins/dcm/policy.go:78.5,79.31 2 1
github.com/runopsio/hoop/gateway/transport/plugins/dcm/policy.go:79.31,81.6 1 0
github.com/runopsio/hoop/gateway/transport/plugins/dcm/policy.go:82.5,82.23 1 1
github.com/runopsio/hoop/gateway/transport/plugins/dcm/policy.go:84.4,84.9 1 1
github.com/runopsio/hoop/gateway/transport/plugins/dcm/policy.go:87.2,87.28 1 1
github.com/runopsio/hoop/gateway/transport/plugins/dcm/policy.go:87.28,89.3 1 0
github.com/runopsio/hoop/gateway/transport/plugins/dcm/policy.go:91.2,91.85 1 1
github.com/runopsio/hoop/gateway/transport/plugins/dcm/policy.go:94.97,96.9 2 2
github.com/runopsio/hoop/gateway/transport/plugins/dcm/policy.go:96.9,98.3 1 1
github.com/runopsio/hoop/gateway/transport/plugins/dcm/policy.go:99.2,100.16 2 1
github.com/runopsio/hoop/gateway/transport/plugins/dcm/policy.go:100.16,102.3 1 0
github.com/runopsio/hoop/gateway/transport/plugins/dcm/policy.go:103.2,103.39 1 1
github.com/runopsio/hoop/gateway/transport/plugins/dcm/policy.go:106.48,107.44 1 8
github.com/runopsio/hoop/gateway/transport/plugins/dcm/policy.go:107.44,109.3 1 1
github.com/runopsio/hoop/gateway/transport/plugins/dcm/policy.go:110.2,110.73 1 7
github.com/runopsio/hoop/gateway/transport/plugins/dcm/policy.go:110.73,112.3 1 1
github.com/runopsio/hoop/gateway/transport/plugins/dcm/policy.go:114.2,116.41 3 6
github.com/runopsio/hoop/gateway/transport/plugins/dcm/policy.go:116.41,117.33 1 13
github.com/runopsio/hoop/gateway/transport/plugins/dcm/policy.go:117.33,119.12 2 2
github.com/runopsio/hoop/gateway/transport/plugins/dcm/policy.go:121.3,121.22 1 11
github.com/runopsio/hoop/gateway/transport/plugins/dcm/policy.go:123.2,123.33 1 6
github.com/runopsio/hoop/gateway/transport/plugins/dcm/policy.go:123.33,125.3 1 1
github.com/runopsio/hoop/gateway/transport/plugins/dcm/policy.go:127.2,128.35 2 5
github.com/runopsio/hoop/gateway/transport/plugins/dcm/policy.go:128.35,129.56 1 9
github.com/runopsio/hoop/gateway/transport/plugins/dcm/policy.go:129.56,131.4 1 2
github.com/runopsio/hoop/gateway/transport/plugins/dcm/policy.go:133.2,133.35 1 5
github.com/runopsio/hoop/gateway/transport/plugins/dcm/policy.go:133.35,136.3 2 1
github.com/runopsio/hoop/gateway/transport/plugins/dcm/policy.go:139.2,142.33 4 4
github.com/runopsio/hoop/gateway/transport/plugins/dcm/policy.go:142.33,143.50 1 11
github.com/runopsio/hoop/gateway/transport/plugins/dcm/policy.go:143.50,145.4 1 3
github.com/runopsio/hoop/gateway/transport/plugins/dcm/policy.go:147.3,147.36 1 11
github.com/runopsio/hoop/gateway/transport/plugins/dcm/policy.go:147.36,149.12 2 2
github.com/runopsio/hoop/gateway/transport/plugins/dcm/policy.go:151.3,151.25 1 9
github.com/runopsio/hoop/gateway/transport/plugins/dcm/policy.go:154.2,154.9 1 4
github.com/runopsio/hoop/gateway/transport/plugins/dcm/policy.go:155.41,157.119 2 1
github.com/runopsio/hoop/gateway/transport/plugins/dcm/policy.go:158.34,160.72 2 1
github.com/runopsio/hoop/gateway/transport/plugins/dcm/policy.go:163.2,163.12 1 2
github.com/runopsio/hoop/gateway/transport/plugins/dcm/policy.go:166.51,168.16 2 0
github.com/runopsio/hoop/gateway/transport/plugins/dcm/policy.go:168.16,170.3 1 0
github.com/runopsio/hoop/gateway/transport/plugins/dcm/policy.go:171.2,172.38 2 0
github.com/runopsio/hoop/gateway/transport/plugins/dcm/policy.go:172.38,174.3 1 0
github.com/runopsio/hoop/gateway/transport/plugins/dcm/policy.go:175.2,176.35 2 0
